[2020-03-21 22:08:38] local.ERROR: View [welcome] not found. {"exception":"[object] (InvalidArgumentException(code: 0): View [welcome] not found. at C:\\Users\\tmaas\\git\\Database-Systems\\DATABASE-PROJECT\\laravel-shell\\laravel\\vendor\\laravel\\framework\\src\\Illuminate\\View\\FileViewFinder.php:137)
[stacktrace]
#0 C:\\Users\\tmaas\\git\\Database-Systems\\DATABASE-PROJECT\\laravel-shell\\laravel\\vendor\\laravel\\framework\\src\\Illuminate\\View\\FileViewFinder.php(79): Illuminate\\View\\FileViewFinder->findInPaths()
#1 C:\\Users\\tmaas\\git\\Database-Systems\\DATABASE-PROJECT\\laravel-shell\\laravel\\vendor\\laravel\\framework\\src\\Illuminate\\View\\Factory.php(131): Illuminate\\View\\FileViewFinder->find()
#2 C:\\Users\\tmaas\\git\\Database-Systems\\DATABASE-PROJECT\\laravel-shell\\laravel\\vendor\\laravel\\framework\\src\\Illuminate\\Foundation\\helpers.php(959): Illuminate\\View\\Factory->make()
#3 C:\\Users\\tmaas\\git\\Database-Systems\\DATABASE-PROJECT\\laravel-shell\\laravel\outes\\web.php(17): view()
#4 C:\\Users\\tmaas\\git\\Database-Systems\\DATABASE-PROJECT\\laravel-shell\\laravel\\vendor\\laravel\\framework\\src\\Illuminate\\Routing\\Route.php(211): Illuminate\\Routing\\RouteFileRegistrar->{closure}()
#5 C:\\Users\\tmaas\\git\\Database-Systems\\DATABASE-PROJECT\\laravel-shell\\laravel\\vendor\\laravel\\framework\\src\\Illuminate\\Routing\\Route.php(185): Illuminate\\Routing\\Route->runCallable()
#6 C:\\Users\\tmaas\\git\\Database-Systems\\DATABASE-PROJECT\\laravel-shell\\laravel\\vendor\\laravel\\framework\\src\\Illuminate\\Routing\\Router.php(681): Illuminate\\Routing\\Route->run()
#7 C:\\Users\\tmaas\\git\\Database-Systems\\DATABASE-PROJECT\\laravel-shell\\laravel\\vendor\\laravel\\framework\\src\\Illuminate\\Pipeline\\Pipeline.php(128): Illuminate\\Routing\\Router->Illuminate\\Routing\\{closure}()
#8 C:\\Users\\tmaas\\git\\Database-Systems\\DATABASE-PROJECT\\laravel-shell\\laravel\\vendor\\laravel\\framework\\src\\Illuminate\\Routing\\Middleware\\SubstituteBindings.php(41): Illuminate\\Pipeline\\Pipeline->Illuminate\\Pipeline\\{closure}()
#9 C:\\Users\\tmaas\\git\\Database-Systems\\DATABASE-PROJECT\\laravel-shell\\laravel\\vendor\\laravel\\framework\\src\\Illuminate\\Pipeline\\Pipeline.php(167): Illuminate\\Routing\\Middleware\\SubstituteBindings->handle()
#10 C:\\Users\\tmaas\\git\\Database-Systems\\DATABASE-PROJECT\\laravel-shell\\laravel\\vendor\\laravel\\framework\\src\\Illuminate\\Foundation\\Http\\Middleware\\VerifyCsrfToken.php(76): Illuminate\\Pipeline\\Pipeline->Illuminate\\Pipeline\\{closure}()
#11 C:\\Users\\tmaas\\git\\Database-Systems\\DATABASE-PROJECT\\laravel-shell\\laravel\\vendor\\laravel\\framework\\src\\Illuminate\\Pipeline\\Pipeline.php(167): Illuminate\\Foundation\\Http\\Middleware\\VerifyCsrfToken->handle()
#12 C:\\Users\\tmaas\\git\\Database-Systems\\DATABASE-PROJECT\\laravel-shell\\laravel\\vendor\\laravel\\framework\\src\\Illuminate\\View\\Middleware\\ShareErrorsFromSession.php(49): Illuminate\\Pipeline\\Pipeline->Illuminate\\Pipeline\\{closure}()
#13 C:\\Users\\tmaas\\git\\Database-Systems\\DATABASE-PROJECT\\laravel-shell\\laravel\\vendor\\laravel\\framework\\src\\Illuminate\\Pipeline\\Pipeline.php(167): Illuminate\\View\\Middleware\\ShareErrorsFromSession->handle()
#14 C:\\Users\\tmaas\\git\\Database-Systems\\DATABASE-PROJECT\\laravel-shell\\laravel\\vendor\\laravel\\framework\\src\\Illuminate\\Session\\Middleware\\StartSession.php(56): Illuminate\\Pipeline\\Pipeline->Illuminate\\Pipeline\\{closure}()
#15 C:\\Users\\tmaas\\git\\Database-Systems\\DATABASE-PROJECT\\laravel-shell\\laravel\\vendor\\laravel\\framework\\src\\Illuminate\\Pipeline\\Pipeline.php(167): Illuminate\\Session\\Middleware\\StartSession->handle()
#16 C:\\Users\\tmaas\\git\\Database-Systems\\DATABASE-PROJECT\\laravel-shell\\laravel\\vendor\\laravel\\framework\\src\\Illuminate\\Cookie\\Middleware\\AddQueuedCookiesToResponse.php(37): Illuminate\\Pipeline\\Pipeline->Illuminate\\Pipeline\\{closure}()
#17 C:\\Users\\tmaas\\git\\Database-Systems\\DATABASE-PROJECT\\laravel-shell\\laravel\\vendor\\laravel\\framework\\src\\Illuminate\\Pipeline\\Pipeline.php(167): Illuminate\\Cookie\\Middleware\\AddQueuedCookiesToResponse->handle()
#18 C:\\Users\\tmaas\\git\\Database-Systems\\DATABASE-PROJECT\\laravel-shell\\laravel\\vendor\\laravel\\framework\\src\\Illuminate\\Cookie\\Middleware\\EncryptCookies.php(66): Illuminate\\Pipeline\\Pipeline->Illuminate\\Pipeline\\{closure}()
#19 C:\\Users\\tmaas\\git\\Database-Systems\\DATABASE-PROJECT\\laravel-shell\\laravel\\vendor\\laravel\\framework\\src\\Illuminate\\Pipeline\\Pipeline.php(167): Illuminate\\Cookie\\Middleware\\EncryptCookies->handle()
#20 C:\\Users\\tmaas\\git\\Database-Systems\\DATABASE-PROJECT\\laravel-shell\\laravel\\vendor\\laravel\\framework\\src\\Illuminate\\Pipeline\\Pipeline.php(103): Illuminate\\Pipeline\\Pipeline->Illuminate\\Pipeline\\{closure}()
#21 C:\\Users\\tmaas\\git\\Database-Systems\\DATABASE-PROJECT\\laravel-shell\\laravel\\vendor\\laravel\\framework\\src\\Illuminate\\Routing\\Router.php(683): Illuminate\\Pipeline\\Pipeline->then()
#22 C:\\Users\\tmaas\\git\\Database-Systems\\DATABASE-PROJECT\\laravel-shell\\laravel\\vendor\\laravel\\framework\\src\\Illuminate\\Routing\\Router.php(658): Illuminate\\Routing\\Router->runRouteWithinStack()
#23 C:\\Users\\tmaas\\git\\Database-Systems\\DATABASE-PROJECT\\laravel-shell\\laravel\\vendor\\laravel\\framework\\src\\Illuminate\\Routing\\Router.php(624): Illuminate\\Routing\\Router->runRoute()
#24 C:\\Users\\tmaas\\git\\Database-Systems\\DATABASE-PROJECT\\laravel-shell\\laravel\\vendor\\laravel\\framework\\src\\Illuminate\\Routing\\Router.php(613): Illuminate\\Routing\\Router->dispatchToRoute()
#25 C:\\Users\\tmaas\\git\\Database-Systems\\DATABASE-PROJECT\\laravel-shell\\laravel\\vendor\\laravel\\framework\\src\\Illuminate\\Foundation\\Http\\Kernel.php(165): Illuminate\\Routing\\Router->dispatch()
#26 C:\\Users\\tmaas\\git\\Database-Systems\\DATABASE-PROJECT\\laravel-shell\\laravel\\vendor\\laravel\\framework\\src\\Illuminate\\Pipeline\\Pipeline.php(128): Illuminate\\Foundation\\Http\\Kernel->Illuminate\\Foundation\\Http\\{closure}()
#27 C:\\Users\\tmaas\\git\\Database-Systems\\DATABASE-PROJECT\\laravel-shell\\laravel\\vendor\\laravel\\framework\\src\\Illuminate\\Foundation\\Http\\Middleware\\TransformsRequest.php(21): Illuminate\\Pipeline\\Pipeline->Illuminate\\Pipeline\\{closure}()
#28 C:\\Users\\tmaas\\git\\Database-Systems\\DATABASE-PROJECT\\laravel-shell\\laravel\\vendor\\laravel\\framework\\src\\Illuminate\\Pipeline\\Pipeline.php(167): Illuminate\\Foundation\\Http\\Middleware\\TransformsRequest->handle()
#29 C:\\Users\\tmaas\\git\\Database-Systems\\DATABASE-PROJECT\\laravel-shell\\laravel\\vendor\\laravel\\framework\\src\\Illuminate\\Foundation\\Http\\Middleware\\TransformsRequest.php(21): Illuminate\\Pipeline\\Pipeline->Illuminate\\Pipeline\\{closure}()
#30 C:\\Users\\tmaas\\git\\Database-Systems\\DATABASE-PROJECT\\laravel-shell\\laravel\\vendor\\laravel\\framework\\src\\Illuminate\\Pipeline\\Pipeline.php(167): Illuminate\\Foundation\\Http\\Middleware\\TransformsRequest->handle()
#31 C:\\Users\\tmaas\\git\\Database-Systems\\DATABASE-PROJECT\\laravel-shell\\laravel\\vendor\\laravel\\framework\\src\\Illuminate\\Foundation\\Http\\Middleware\\ValidatePostSize.php(27): Illuminate\\Pipeline\\Pipeline->Illuminate\\Pipeline\\{closure}()
#32 C:\\Users\\tmaas\\git\\Database-Systems\\DATABASE-PROJECT\\laravel-shell\\laravel\\vendor\\laravel\\framework\\src\\Illuminate\\Pipeline\\Pipeline.php(167): Illuminate\\Foundation\\Http\\Middleware\\ValidatePostSize->handle()
#33 C:\\Users\\tmaas\\git\\Database-Systems\\DATABASE-PROJECT\\laravel-shell\\laravel\\vendor\\laravel\\framework\\src\\Illuminate\\Foundation\\Http\\Middleware\\CheckForMaintenanceMode.php(63): Illuminate\\Pipeline\\Pipeline->Illuminate\\Pipeline\\{closure}()
#34 C:\\Users\\tmaas\\git\\Database-Systems\\DATABASE-PROJECT\\laravel-shell\\laravel\\vendor\\laravel\\framework\\src\\Illuminate\\Pipeline\\Pipeline.php(167): Illuminate\\Foundation\\Http\\Middleware\\CheckForMaintenanceMode->handle()
#35 C:\\Users\\tmaas\\git\\Database-Systems\\DATABASE-PROJECT\\laravel-shell\\laravel\\vendor\\fruitcake\\laravel-cors\\src\\HandleCors.php(36): Illuminate\\Pipeline\\Pipeline->Illuminate\\Pipeline\\{closure}()
#36 C:\\Users\\tmaas\\git\\Database-Systems\\DATABASE-PROJECT\\laravel-shell\\laravel\\vendor\\laravel\\framework\\src\\Illuminate\\Pipeline\\Pipeline.php(167): Fruitcake\\Cors\\HandleCors->handle()
#37 C:\\Users\\tmaas\\git\\Database-Systems\\DATABASE-PROJECT\\laravel-shell\\laravel\\vendor\\fideloper\\proxy\\src\\TrustProxies.php(57): Illuminate\\Pipeline\\Pipeline->Illuminate\\Pipeline\\{closure}()
#38 C:\\Users\\tmaas\\git\\Database-Systems\\DATABASE-PROJECT\\laravel-shell\\laravel\\vendor\\laravel\\framework\\src\\Illuminate\\Pipeline\\Pipeline.php(167): Fideloper\\Proxy\\TrustProxies->handle()
#39 C:\\Users\\tmaas\\git\\Database-Systems\\DATABASE-PROJECT\\laravel-shell\\laravel\\vendor\\laravel\\framework\\src\\Illuminate\\Pipeline\\Pipeline.php(103): Illuminate\\Pipeline\\Pipeline->Illuminate\\Pipeline\\{closure}()
#40 C:\\Users\\tmaas\\git\\Database-Systems\\DATABASE-PROJECT\\laravel-shell\\laravel\\vendor\\laravel\\framework\\src\\Illuminate\\Foundation\\Http\\Kernel.php(140): Illuminate\\Pipeline\\Pipeline->then()
#41 C:\\Users\\tmaas\\git\\Database-Systems\\DATABASE-PROJECT\\laravel-shell\\laravel\\vendor\\laravel\\framework\\src\\Illuminate\\Foundation\\Http\\Kernel.php(109): Illuminate\\Foundation\\Http\\Kernel->sendRequestThroughRouter()
#42 C:\\Users\\tmaas\\git\\Database-Systems\\DATABASE-PROJECT\\laravel-shell\\laravel\\public\\index.php(55): Illuminate\\Foundation\\Http\\Kernel->handle()
#43 C:\\Users\\tmaas\\git\\Database-Systems\\DATABASE-PROJECT\\laravel-shell\\laravel\\server.php(21): require_once('C:\\\\Users\\\\tmaas\\\\...')
#44 {main}
"} 
[2020-03-21 22:08:40] local.ERROR: file_put_contents(C:\Users\tmaas\git\Database-Systems\laravel-shell\laravel\storage\framework/sessions/SWHLUN5AFUI5cRtHcxxrFpiIC8maKtHFo44Mt8ge): failed to open stream: No such file or directory {"exception":"[object] (ErrorException(code: 0): file_put_contents(C:\\Users\\tmaas\\git\\Database-Systems\\laravel-shell\\laravel\\storage\\framework/sessions/SWHLUN5AFUI5cRtHcxxrFpiIC8maKtHFo44Mt8ge): failed to open stream: No such file or directory at C:\\Users\\tmaas\\git\\Database-Systems\\DATABASE-PROJECT\\laravel-shell\\laravel\\vendor\\laravel\\framework\\src\\Illuminate\\Filesystem\\Filesystem.php:133)
[stacktrace]
#0 [internal function]: Illuminate\\Foundation\\Bootstrap\\HandleExceptions->handleError()
#1 C:\\Users\\tmaas\\git\\Database-Systems\\DATABASE-PROJECT\\laravel-shell\\laravel\\vendor\\laravel\\framework\\src\\Illuminate\\Filesystem\\Filesystem.php(133): file_put_contents()
#2 C:\\Users\\tmaas\\git\\Database-Systems\\DATABASE-PROJECT\\laravel-shell\\laravel\\vendor\\laravel\\framework\\src\\Illuminate\\Session\\FileSessionHandler.php(83): Illuminate\\Filesystem\\Filesystem->put()
#3 C:\\Users\\tmaas\\git\\Database-Systems\\DATABASE-PROJECT\\laravel-shell\\laravel\\vendor\\laravel\\framework\\src\\Illuminate\\Session\\Store.php(129): Illuminate\\Session\\FileSessionHandler->write()
#4 C:\\Users\\tmaas\\git\\Database-Systems\\DATABASE-PROJECT\\laravel-shell\\laravel\\vendor\\laravel\\framework\\src\\Illuminate\\Session\\Middleware\\StartSession.php(170): Illuminate\\Session\\Store->save()
#5 C:\\Users\\tmaas\\git\\Database-Systems\\DATABASE-PROJECT\\laravel-shell\\laravel\\vendor\\laravel\\framework\\src\\Illuminate\\Session\\Middleware\\StartSession.php(65): Illuminate\\Session\\Middleware\\StartSession->saveSession()
#6 C:\\Users\\tmaas\\git\\Database-Systems\\DATABASE-PROJECT\\laravel-shell\\laravel\\vendor\\laravel\\framework\\src\\Illuminate\\Pipeline\\Pipeline.php(167): Illuminate\\Session\\Middleware\\StartSession->handle()
#7 C:\\Users\\tmaas\\git\\Database-Systems\\DATABASE-PROJECT\\laravel-shell\\laravel\\vendor\\laravel\\framework\\src\\Illuminate\\Cookie\\Middleware\\AddQueuedCookiesToResponse.php(37): Illuminate\\Pipeline\\Pipeline->Illuminate\\Pipeline\\{closure}()
#8 C:\\Users\\tmaas\\git\\Database-Systems\\DATABASE-PROJECT\\laravel-shell\\laravel\\vendor\\laravel\\framework\\src\\Illuminate\\Pipeline\\Pipeline.php(167): Illuminate\\Cookie\\Middleware\\AddQueuedCookiesToResponse->handle()
#9 C:\\Users\\tmaas\\git\\Database-Systems\\DATABASE-PROJECT\\laravel-shell\\laravel\\vendor\\laravel\\framework\\src\\Illuminate\\Cookie\\Middleware\\EncryptCookies.php(66): Illuminate\\Pipeline\\Pipeline->Illuminate\\Pipeline\\{closure}()
#10 C:\\Users\\tmaas\\git\\Database-Systems\\DATABASE-PROJECT\\laravel-shell\\laravel\\vendor\\laravel\\framework\\src\\Illuminate\\Pipeline\\Pipeline.php(167): Illuminate\\Cookie\\Middleware\\EncryptCookies->handle()
#11 C:\\Users\\tmaas\\git\\Database-Systems\\DATABASE-PROJECT\\laravel-shell\\laravel\\vendor\\laravel\\framework\\src\\Illuminate\\Pipeline\\Pipeline.php(103): Illuminate\\Pipeline\\Pipeline->Illuminate\\Pipeline\\{closure}()
#12 C:\\Users\\tmaas\\git\\Database-Systems\\DATABASE-PROJECT\\laravel-shell\\laravel\\vendor\\laravel\\framework\\src\\Illuminate\\Routing\\Router.php(683): Illuminate\\Pipeline\\Pipeline->then()
#13 C:\\Users\\tmaas\\git\\Database-Systems\\DATABASE-PROJECT\\laravel-shell\\laravel\\vendor\\laravel\\framework\\src\\Illuminate\\Routing\\Router.php(658): Illuminate\\Routing\\Router->runRouteWithinStack()
#14 C:\\Users\\tmaas\\git\\Database-Systems\\DATABASE-PROJECT\\laravel-shell\\laravel\\vendor\\laravel\\framework\\src\\Illuminate\\Routing\\Router.php(624): Illuminate\\Routing\\Router->runRoute()
#15 C:\\Users\\tmaas\\git\\Database-Systems\\DATABASE-PROJECT\\laravel-shell\\laravel\\vendor\\laravel\\framework\\src\\Illuminate\\Routing\\Router.php(613): Illuminate\\Routing\\Router->dispatchToRoute()
#16 C:\\Users\\tmaas\\git\\Database-Systems\\DATABASE-PROJECT\\laravel-shell\\laravel\\vendor\\laravel\\framework\\src\\Illuminate\\Foundation\\Http\\Kernel.php(165): Illuminate\\Routing\\Router->dispatch()
#17 C:\\Users\\tmaas\\git\\Database-Systems\\DATABASE-PROJECT\\laravel-shell\\laravel\\vendor\\laravel\\framework\\src\\Illuminate\\Pipeline\\Pipeline.php(128): Illuminate\\Foundation\\Http\\Kernel->Illuminate\\Foundation\\Http\\{closure}()
#18 C:\\Users\\tmaas\\git\\Database-Systems\\DATABASE-PROJECT\\laravel-shell\\laravel\\vendor\\laravel\\framework\\src\\Illuminate\\Foundation\\Http\\Middleware\\TransformsRequest.php(21): Illuminate\\Pipeline\\Pipeline->Illuminate\\Pipeline\\{closure}()
#19 C:\\Users\\tmaas\\git\\Database-Systems\\DATABASE-PROJECT\\laravel-shell\\laravel\\vendor\\laravel\\framework\\src\\Illuminate\\Pipeline\\Pipeline.php(167): Illuminate\\Foundation\\Http\\Middleware\\TransformsRequest->handle()
#20 C:\\Users\\tmaas\\git\\Database-Systems\\DATABASE-PROJECT\\laravel-shell\\laravel\\vendor\\laravel\\framework\\src\\Illuminate\\Foundation\\Http\\Middleware\\TransformsRequest.php(21): Illuminate\\Pipeline\\Pipeline->Illuminate\\Pipeline\\{closure}()
#21 C:\\Users\\tmaas\\git\\Database-Systems\\DATABASE-PROJECT\\laravel-shell\\laravel\\vendor\\laravel\\framework\\src\\Illuminate\\Pipeline\\Pipeline.php(167): Illuminate\\Foundation\\Http\\Middleware\\TransformsRequest->handle()
#22 C:\\Users\\tmaas\\git\\Database-Systems\\DATABASE-PROJECT\\laravel-shell\\laravel\\vendor\\laravel\\framework\\src\\Illuminate\\Foundation\\Http\\Middleware\\ValidatePostSize.php(27): Illuminate\\Pipeline\\Pipeline->Illuminate\\Pipeline\\{closure}()
#23 C:\\Users\\tmaas\\git\\Database-Systems\\DATABASE-PROJECT\\laravel-shell\\laravel\\vendor\\laravel\\framework\\src\\Illuminate\\Pipeline\\Pipeline.php(167): Illuminate\\Foundation\\Http\\Middleware\\ValidatePostSize->handle()
#24 C:\\Users\\tmaas\\git\\Database-Systems\\DATABASE-PROJECT\\laravel-shell\\laravel\\vendor\\laravel\\framework\\src\\Illuminate\\Foundation\\Http\\Middleware\\CheckForMaintenanceMode.php(63): Illuminate\\Pipeline\\Pipeline->Illuminate\\Pipeline\\{closure}()
#25 C:\\Users\\tmaas\\git\\Database-Systems\\DATABASE-PROJECT\\laravel-shell\\laravel\\vendor\\laravel\\framework\\src\\Illuminate\\Pipeline\\Pipeline.php(167): Illuminate\\Foundation\\Http\\Middleware\\CheckForMaintenanceMode->handle()
#26 C:\\Users\\tmaas\\git\\Database-Systems\\DATABASE-PROJECT\\laravel-shell\\laravel\\vendor\\fruitcake\\laravel-cors\\src\\HandleCors.php(36): Illuminate\\Pipeline\\Pipeline->Illuminate\\Pipeline\\{closure}()
#27 C:\\Users\\tmaas\\git\\Database-Systems\\DATABASE-PROJECT\\laravel-shell\\laravel\\vendor\\laravel\\framework\\src\\Illuminate\\Pipeline\\Pipeline.php(167): Fruitcake\\Cors\\HandleCors->handle()
#28 C:\\Users\\tmaas\\git\\Database-Systems\\DATABASE-PROJECT\\laravel-shell\\laravel\\vendor\\fideloper\\proxy\\src\\TrustProxies.php(57): Illuminate\\Pipeline\\Pipeline->Illuminate\\Pipeline\\{closure}()
#29 C:\\Users\\tmaas\\git\\Database-Systems\\DATABASE-PROJECT\\laravel-shell\\laravel\\vendor\\laravel\\framework\\src\\Illuminate\\Pipeline\\Pipeline.php(167): Fideloper\\Proxy\\TrustProxies->handle()
#30 C:\\Users\\tmaas\\git\\Database-Systems\\DATABASE-PROJECT\\laravel-shell\\laravel\\vendor\\laravel\\framework\\src\\Illuminate\\Pipeline\\Pipeline.php(103): Illuminate\\Pipeline\\Pipeline->Illuminate\\Pipeline\\{closure}()
#31 C:\\Users\\tmaas\\git\\Database-Systems\\DATABASE-PROJECT\\laravel-shell\\laravel\\vendor\\laravel\\framework\\src\\Illuminate\\Foundation\\Http\\Kernel.php(140): Illuminate\\Pipeline\\Pipeline->then()
#32 C:\\Users\\tmaas\\git\\Database-Systems\\DATABASE-PROJECT\\laravel-shell\\laravel\\vendor\\laravel\\framework\\src\\Illuminate\\Foundation\\Http\\Kernel.php(109): Illuminate\\Foundation\\Http\\Kernel->sendRequestThroughRouter()
#33 C:\\Users\\tmaas\\git\\Database-Systems\\DATABASE-PROJECT\\laravel-shell\\laravel\\public\\index.php(55): Illuminate\\Foundation\\Http\\Kernel->handle()
#34 C:\\Users\\tmaas\\git\\Database-Systems\\DATABASE-PROJECT\\laravel-shell\\laravel\\server.php(21): require_once('C:\\\\Users\\\\tmaas\\\\...')
#35 {main}
"} 
[2020-03-21 22:08:55] local.ERROR: View [welcome] not found. {"exception":"[object] (InvalidArgumentException(code: 0): View [welcome] not found. at C:\\Users\\tmaas\\git\\Database-Systems\\DATABASE-PROJECT\\laravel-shell\\laravel\\vendor\\laravel\\framework\\src\\Illuminate\\View\\FileViewFinder.php:137)
[stacktrace]
#0 C:\\Users\\tmaas\\git\\Database-Systems\\DATABASE-PROJECT\\laravel-shell\\laravel\\vendor\\laravel\\framework\\src\\Illuminate\\View\\FileViewFinder.php(79): Illuminate\\View\\FileViewFinder->findInPaths()
#1 C:\\Users\\tmaas\\git\\Database-Systems\\DATABASE-PROJECT\\laravel-shell\\laravel\\vendor\\laravel\\framework\\src\\Illuminate\\View\\Factory.php(131): Illuminate\\View\\FileViewFinder->find()
#2 C:\\Users\\tmaas\\git\\Database-Systems\\DATABASE-PROJECT\\laravel-shell\\laravel\\vendor\\laravel\\framework\\src\\Illuminate\\Foundation\\helpers.php(959): Illuminate\\View\\Factory->make()
#3 C:\\Users\\tmaas\\git\\Database-Systems\\DATABASE-PROJECT\\laravel-shell\\laravel\outes\\web.php(17): view()
#4 C:\\Users\\tmaas\\git\\Database-Systems\\DATABASE-PROJECT\\laravel-shell\\laravel\\vendor\\laravel\\framework\\src\\Illuminate\\Routing\\Route.php(211): Illuminate\\Routing\\RouteFileRegistrar->{closure}()
#5 C:\\Users\\tmaas\\git\\Database-Systems\\DATABASE-PROJECT\\laravel-shell\\laravel\\vendor\\laravel\\framework\\src\\Illuminate\\Routing\\Route.php(185): Illuminate\\Routing\\Route->runCallable()
#6 C:\\Users\\tmaas\\git\\Database-Systems\\DATABASE-PROJECT\\laravel-shell\\laravel\\vendor\\laravel\\framework\\src\\Illuminate\\Routing\\Router.php(681): Illuminate\\Routing\\Route->run()
#7 C:\\Users\\tmaas\\git\\Database-Systems\\DATABASE-PROJECT\\laravel-shell\\laravel\\vendor\\laravel\\framework\\src\\Illuminate\\Pipeline\\Pipeline.php(128): Illuminate\\Routing\\Router->Illuminate\\Routing\\{closure}()
#8 C:\\Users\\tmaas\\git\\Database-Systems\\DATABASE-PROJECT\\laravel-shell\\laravel\\vendor\\laravel\\framework\\src\\Illuminate\\Routing\\Middleware\\SubstituteBindings.php(41): Illuminate\\Pipeline\\Pipeline->Illuminate\\Pipeline\\{closure}()
#9 C:\\Users\\tmaas\\git\\Database-Systems\\DATABASE-PROJECT\\laravel-shell\\laravel\\vendor\\laravel\\framework\\src\\Illuminate\\Pipeline\\Pipeline.php(167): Illuminate\\Routing\\Middleware\\SubstituteBindings->handle()
#10 C:\\Users\\tmaas\\git\\Database-Systems\\DATABASE-PROJECT\\laravel-shell\\laravel\\vendor\\laravel\\framework\\src\\Illuminate\\Foundation\\Http\\Middleware\\VerifyCsrfToken.php(76): Illuminate\\Pipeline\\Pipeline->Illuminate\\Pipeline\\{closure}()
#11 C:\\Users\\tmaas\\git\\Database-Systems\\DATABASE-PROJECT\\laravel-shell\\laravel\\vendor\\laravel\\framework\\src\\Illuminate\\Pipeline\\Pipeline.php(167): Illuminate\\Foundation\\Http\\Middleware\\VerifyCsrfToken->handle()
#12 C:\\Users\\tmaas\\git\\Database-Systems\\DATABASE-PROJECT\\laravel-shell\\laravel\\vendor\\laravel\\framework\\src\\Illuminate\\View\\Middleware\\ShareErrorsFromSession.php(49): Illuminate\\Pipeline\\Pipeline->Illuminate\\Pipeline\\{closure}()
#13 C:\\Users\\tmaas\\git\\Database-Systems\\DATABASE-PROJECT\\laravel-shell\\laravel\\vendor\\laravel\\framework\\src\\Illuminate\\Pipeline\\Pipeline.php(167): Illuminate\\View\\Middleware\\ShareErrorsFromSession->handle()
#14 C:\\Users\\tmaas\\git\\Database-Systems\\DATABASE-PROJECT\\laravel-shell\\laravel\\vendor\\laravel\\framework\\src\\Illuminate\\Session\\Middleware\\StartSession.php(56): Illuminate\\Pipeline\\Pipeline->Illuminate\\Pipeline\\{closure}()
#15 C:\\Users\\tmaas\\git\\Database-Systems\\DATABASE-PROJECT\\laravel-shell\\laravel\\vendor\\laravel\\framework\\src\\Illuminate\\Pipeline\\Pipeline.php(167): Illuminate\\Session\\Middleware\\StartSession->handle()
#16 C:\\Users\\tmaas\\git\\Database-Systems\\DATABASE-PROJECT\\laravel-shell\\laravel\\vendor\\laravel\\framework\\src\\Illuminate\\Cookie\\Middleware\\AddQueuedCookiesToResponse.php(37): Illuminate\\Pipeline\\Pipeline->Illuminate\\Pipeline\\{closure}()
#17 C:\\Users\\tmaas\\git\\Database-Systems\\DATABASE-PROJECT\\laravel-shell\\laravel\\vendor\\laravel\\framework\\src\\Illuminate\\Pipeline\\Pipeline.php(167): Illuminate\\Cookie\\Middleware\\AddQueuedCookiesToResponse->handle()
#18 C:\\Users\\tmaas\\git\\Database-Systems\\DATABASE-PROJECT\\laravel-shell\\laravel\\vendor\\laravel\\framework\\src\\Illuminate\\Cookie\\Middleware\\EncryptCookies.php(66): Illuminate\\Pipeline\\Pipeline->Illuminate\\Pipeline\\{closure}()
#19 C:\\Users\\tmaas\\git\\Database-Systems\\DATABASE-PROJECT\\laravel-shell\\laravel\\vendor\\laravel\\framework\\src\\Illuminate\\Pipeline\\Pipeline.php(167): Illuminate\\Cookie\\Middleware\\EncryptCookies->handle()
#20 C:\\Users\\tmaas\\git\\Database-Systems\\DATABASE-PROJECT\\laravel-shell\\laravel\\vendor\\laravel\\framework\\src\\Illuminate\\Pipeline\\Pipeline.php(103): Illuminate\\Pipeline\\Pipeline->Illuminate\\Pipeline\\{closure}()
#21 C:\\Users\\tmaas\\git\\Database-Systems\\DATABASE-PROJECT\\laravel-shell\\laravel\\vendor\\laravel\\framework\\src\\Illuminate\\Routing\\Router.php(683): Illuminate\\Pipeline\\Pipeline->then()
#22 C:\\Users\\tmaas\\git\\Database-Systems\\DATABASE-PROJECT\\laravel-shell\\laravel\\vendor\\laravel\\framework\\src\\Illuminate\\Routing\\Router.php(658): Illuminate\\Routing\\Router->runRouteWithinStack()
#23 C:\\Users\\tmaas\\git\\Database-Systems\\DATABASE-PROJECT\\laravel-shell\\laravel\\vendor\\laravel\\framework\\src\\Illuminate\\Routing\\Router.php(624): Illuminate\\Routing\\Router->runRoute()
#24 C:\\Users\\tmaas\\git\\Database-Systems\\DATABASE-PROJECT\\laravel-shell\\laravel\\vendor\\laravel\\framework\\src\\Illuminate\\Routing\\Router.php(613): Illuminate\\Routing\\Router->dispatchToRoute()
#25 C:\\Users\\tmaas\\git\\Database-Systems\\DATABASE-PROJECT\\laravel-shell\\laravel\\vendor\\laravel\\framework\\src\\Illuminate\\Foundation\\Http\\Kernel.php(165): Illuminate\\Routing\\Router->dispatch()
#26 C:\\Users\\tmaas\\git\\Database-Systems\\DATABASE-PROJECT\\laravel-shell\\laravel\\vendor\\laravel\\framework\\src\\Illuminate\\Pipeline\\Pipeline.php(128): Illuminate\\Foundation\\Http\\Kernel->Illuminate\\Foundation\\Http\\{closure}()
#27 C:\\Users\\tmaas\\git\\Database-Systems\\DATABASE-PROJECT\\laravel-shell\\laravel\\vendor\\laravel\\framework\\src\\Illuminate\\Foundation\\Http\\Middleware\\TransformsRequest.php(21): Illuminate\\Pipeline\\Pipeline->Illuminate\\Pipeline\\{closure}()
#28 C:\\Users\\tmaas\\git\\Database-Systems\\DATABASE-PROJECT\\laravel-shell\\laravel\\vendor\\laravel\\framework\\src\\Illuminate\\Pipeline\\Pipeline.php(167): Illuminate\\Foundation\\Http\\Middleware\\TransformsRequest->handle()
#29 C:\\Users\\tmaas\\git\\Database-Systems\\DATABASE-PROJECT\\laravel-shell\\laravel\\vendor\\laravel\\framework\\src\\Illuminate\\Foundation\\Http\\Middleware\\TransformsRequest.php(21): Illuminate\\Pipeline\\Pipeline->Illuminate\\Pipeline\\{closure}()
#30 C:\\Users\\tmaas\\git\\Database-Systems\\DATABASE-PROJECT\\laravel-shell\\laravel\\vendor\\laravel\\framework\\src\\Illuminate\\Pipeline\\Pipeline.php(167): Illuminate\\Foundation\\Http\\Middleware\\TransformsRequest->handle()
#31 C:\\Users\\tmaas\\git\\Database-Systems\\DATABASE-PROJECT\\laravel-shell\\laravel\\vendor\\laravel\\framework\\src\\Illuminate\\Foundation\\Http\\Middleware\\ValidatePostSize.php(27): Illuminate\\Pipeline\\Pipeline->Illuminate\\Pipeline\\{closure}()
#32 C:\\Users\\tmaas\\git\\Database-Systems\\DATABASE-PROJECT\\laravel-shell\\laravel\\vendor\\laravel\\framework\\src\\Illuminate\\Pipeline\\Pipeline.php(167): Illuminate\\Foundation\\Http\\Middleware\\ValidatePostSize->handle()
#33 C:\\Users\\tmaas\\git\\Database-Systems\\DATABASE-PROJECT\\laravel-shell\\laravel\\vendor\\laravel\\framework\\src\\Illuminate\\Foundation\\Http\\Middleware\\CheckForMaintenanceMode.php(63): Illuminate\\Pipeline\\Pipeline->Illuminate\\Pipeline\\{closure}()
#34 C:\\Users\\tmaas\\git\\Database-Systems\\DATABASE-PROJECT\\laravel-shell\\laravel\\vendor\\laravel\\framework\\src\\Illuminate\\Pipeline\\Pipeline.php(167): Illuminate\\Foundation\\Http\\Middleware\\CheckForMaintenanceMode->handle()
#35 C:\\Users\\tmaas\\git\\Database-Systems\\DATABASE-PROJECT\\laravel-shell\\laravel\\vendor\\fruitcake\\laravel-cors\\src\\HandleCors.php(36): Illuminate\\Pipeline\\Pipeline->Illuminate\\Pipeline\\{closure}()
#36 C:\\Users\\tmaas\\git\\Database-Systems\\DATABASE-PROJECT\\laravel-shell\\laravel\\vendor\\laravel\\framework\\src\\Illuminate\\Pipeline\\Pipeline.php(167): Fruitcake\\Cors\\HandleCors->handle()
#37 C:\\Users\\tmaas\\git\\Database-Systems\\DATABASE-PROJECT\\laravel-shell\\laravel\\vendor\\fideloper\\proxy\\src\\TrustProxies.php(57): Illuminate\\Pipeline\\Pipeline->Illuminate\\Pipeline\\{closure}()
#38 C:\\Users\\tmaas\\git\\Database-Systems\\DATABASE-PROJECT\\laravel-shell\\laravel\\vendor\\laravel\\framework\\src\\Illuminate\\Pipeline\\Pipeline.php(167): Fideloper\\Proxy\\TrustProxies->handle()
#39 C:\\Users\\tmaas\\git\\Database-Systems\\DATABASE-PROJECT\\laravel-shell\\laravel\\vendor\\laravel\\framework\\src\\Illuminate\\Pipeline\\Pipeline.php(103): Illuminate\\Pipeline\\Pipeline->Illuminate\\Pipeline\\{closure}()
#40 C:\\Users\\tmaas\\git\\Database-Systems\\DATABASE-PROJECT\\laravel-shell\\laravel\\vendor\\laravel\\framework\\src\\Illuminate\\Foundation\\Http\\Kernel.php(140): Illuminate\\Pipeline\\Pipeline->then()
#41 C:\\Users\\tmaas\\git\\Database-Systems\\DATABASE-PROJECT\\laravel-shell\\laravel\\vendor\\laravel\\framework\\src\\Illuminate\\Foundation\\Http\\Kernel.php(109): Illuminate\\Foundation\\Http\\Kernel->sendRequestThroughRouter()
#42 C:\\Users\\tmaas\\git\\Database-Systems\\DATABASE-PROJECT\\laravel-shell\\laravel\\public\\index.php(55): Illuminate\\Foundation\\Http\\Kernel->handle()
#43 C:\\Users\\tmaas\\git\\Database-Systems\\DATABASE-PROJECT\\laravel-shell\\laravel\\server.php(21): require_once('C:\\\\Users\\\\tmaas\\\\...')
#44 {main}
"} 
[2020-03-21 22:08:55] local.ERROR: file_put_contents(C:\Users\tmaas\git\Database-Systems\laravel-shell\laravel\storage\framework/sessions/CYMg9J8QrKIB8Rsb1fW6v9zrLix2Lj3vFAg7HHm8): failed to open stream: No such file or directory {"exception":"[object] (ErrorException(code: 0): file_put_contents(C:\\Users\\tmaas\\git\\Database-Systems\\laravel-shell\\laravel\\storage\\framework/sessions/CYMg9J8QrKIB8Rsb1fW6v9zrLix2Lj3vFAg7HHm8): failed to open stream: No such file or directory at C:\\Users\\tmaas\\git\\Database-Systems\\DATABASE-PROJECT\\laravel-shell\\laravel\\vendor\\laravel\\framework\\src\\Illuminate\\Filesystem\\Filesystem.php:133)
[stacktrace]
#0 [internal function]: Illuminate\\Foundation\\Bootstrap\\HandleExceptions->handleError()
#1 C:\\Users\\tmaas\\git\\Database-Systems\\DATABASE-PROJECT\\laravel-shell\\laravel\\vendor\\laravel\\framework\\src\\Illuminate\\Filesystem\\Filesystem.php(133): file_put_contents()
#2 C:\\Users\\tmaas\\git\\Database-Systems\\DATABASE-PROJECT\\laravel-shell\\laravel\\vendor\\laravel\\framework\\src\\Illuminate\\Session\\FileSessionHandler.php(83): Illuminate\\Filesystem\\Filesystem->put()
#3 C:\\Users\\tmaas\\git\\Database-Systems\\DATABASE-PROJECT\\laravel-shell\\laravel\\vendor\\laravel\\framework\\src\\Illuminate\\Session\\Store.php(129): Illuminate\\Session\\FileSessionHandler->write()
#4 C:\\Users\\tmaas\\git\\Database-Systems\\DATABASE-PROJECT\\laravel-shell\\laravel\\vendor\\laravel\\framework\\src\\Illuminate\\Session\\Middleware\\StartSession.php(170): Illuminate\\Session\\Store->save()
#5 C:\\Users\\tmaas\\git\\Database-Systems\\DATABASE-PROJECT\\laravel-shell\\laravel\\vendor\\laravel\\framework\\src\\Illuminate\\Session\\Middleware\\StartSession.php(65): Illuminate\\Session\\Middleware\\StartSession->saveSession()
#6 C:\\Users\\tmaas\\git\\Database-Systems\\DATABASE-PROJECT\\laravel-shell\\laravel\\vendor\\laravel\\framework\\src\\Illuminate\\Pipeline\\Pipeline.php(167): Illuminate\\Session\\Middleware\\StartSession->handle()
#7 C:\\Users\\tmaas\\git\\Database-Systems\\DATABASE-PROJECT\\laravel-shell\\laravel\\vendor\\laravel\\framework\\src\\Illuminate\\Cookie\\Middleware\\AddQueuedCookiesToResponse.php(37): Illuminate\\Pipeline\\Pipeline->Illuminate\\Pipeline\\{closure}()
#8 C:\\Users\\tmaas\\git\\Database-Systems\\DATABASE-PROJECT\\laravel-shell\\laravel\\vendor\\laravel\\framework\\src\\Illuminate\\Pipeline\\Pipeline.php(167): Illuminate\\Cookie\\Middleware\\AddQueuedCookiesToResponse->handle()
#9 C:\\Users\\tmaas\\git\\Database-Systems\\DATABASE-PROJECT\\laravel-shell\\laravel\\vendor\\laravel\\framework\\src\\Illuminate\\Cookie\\Middleware\\EncryptCookies.php(66): Illuminate\\Pipeline\\Pipeline->Illuminate\\Pipeline\\{closure}()
#10 C:\\Users\\tmaas\\git\\Database-Systems\\DATABASE-PROJECT\\laravel-shell\\laravel\\vendor\\laravel\\framework\\src\\Illuminate\\Pipeline\\Pipeline.php(167): Illuminate\\Cookie\\Middleware\\EncryptCookies->handle()
#11 C:\\Users\\tmaas\\git\\Database-Systems\\DATABASE-PROJECT\\laravel-shell\\laravel\\vendor\\laravel\\framework\\src\\Illuminate\\Pipeline\\Pipeline.php(103): Illuminate\\Pipeline\\Pipeline->Illuminate\\Pipeline\\{closure}()
#12 C:\\Users\\tmaas\\git\\Database-Systems\\DATABASE-PROJECT\\laravel-shell\\laravel\\vendor\\laravel\\framework\\src\\Illuminate\\Routing\\Router.php(683): Illuminate\\Pipeline\\Pipeline->then()
#13 C:\\Users\\tmaas\\git\\Database-Systems\\DATABASE-PROJECT\\laravel-shell\\laravel\\vendor\\laravel\\framework\\src\\Illuminate\\Routing\\Router.php(658): Illuminate\\Routing\\Router->runRouteWithinStack()
#14 C:\\Users\\tmaas\\git\\Database-Systems\\DATABASE-PROJECT\\laravel-shell\\laravel\\vendor\\laravel\\framework\\src\\Illuminate\\Routing\\Router.php(624): Illuminate\\Routing\\Router->runRoute()
#15 C:\\Users\\tmaas\\git\\Database-Systems\\DATABASE-PROJECT\\laravel-shell\\laravel\\vendor\\laravel\\framework\\src\\Illuminate\\Routing\\Router.php(613): Illuminate\\Routing\\Router->dispatchToRoute()
#16 C:\\Users\\tmaas\\git\\Database-Systems\\DATABASE-PROJECT\\laravel-shell\\laravel\\vendor\\laravel\\framework\\src\\Illuminate\\Foundation\\Http\\Kernel.php(165): Illuminate\\Routing\\Router->dispatch()
#17 C:\\Users\\tmaas\\git\\Database-Systems\\DATABASE-PROJECT\\laravel-shell\\laravel\\vendor\\laravel\\framework\\src\\Illuminate\\Pipeline\\Pipeline.php(128): Illuminate\\Foundation\\Http\\Kernel->Illuminate\\Foundation\\Http\\{closure}()
#18 C:\\Users\\tmaas\\git\\Database-Systems\\DATABASE-PROJECT\\laravel-shell\\laravel\\vendor\\laravel\\framework\\src\\Illuminate\\Foundation\\Http\\Middleware\\TransformsRequest.php(21): Illuminate\\Pipeline\\Pipeline->Illuminate\\Pipeline\\{closure}()
#19 C:\\Users\\tmaas\\git\\Database-Systems\\DATABASE-PROJECT\\laravel-shell\\laravel\\vendor\\laravel\\framework\\src\\Illuminate\\Pipeline\\Pipeline.php(167): Illuminate\\Foundation\\Http\\Middleware\\TransformsRequest->handle()
#20 C:\\Users\\tmaas\\git\\Database-Systems\\DATABASE-PROJECT\\laravel-shell\\laravel\\vendor\\laravel\\framework\\src\\Illuminate\\Foundation\\Http\\Middleware\\TransformsRequest.php(21): Illuminate\\Pipeline\\Pipeline->Illuminate\\Pipeline\\{closure}()
#21 C:\\Users\\tmaas\\git\\Database-Systems\\DATABASE-PROJECT\\laravel-shell\\laravel\\vendor\\laravel\\framework\\src\\Illuminate\\Pipeline\\Pipeline.php(167): Illuminate\\Foundation\\Http\\Middleware\\TransformsRequest->handle()
#22 C:\\Users\\tmaas\\git\\Database-Systems\\DATABASE-PROJECT\\laravel-shell\\laravel\\vendor\\laravel\\framework\\src\\Illuminate\\Foundation\\Http\\Middleware\\ValidatePostSize.php(27): Illuminate\\Pipeline\\Pipeline->Illuminate\\Pipeline\\{closure}()
#23 C:\\Users\\tmaas\\git\\Database-Systems\\DATABASE-PROJECT\\laravel-shell\\laravel\\vendor\\laravel\\framework\\src\\Illuminate\\Pipeline\\Pipeline.php(167): Illuminate\\Foundation\\Http\\Middleware\\ValidatePostSize->handle()
#24 C:\\Users\\tmaas\\git\\Database-Systems\\DATABASE-PROJECT\\laravel-shell\\laravel\\vendor\\laravel\\framework\\src\\Illuminate\\Foundation\\Http\\Middleware\\CheckForMaintenanceMode.php(63): Illuminate\\Pipeline\\Pipeline->Illuminate\\Pipeline\\{closure}()
#25 C:\\Users\\tmaas\\git\\Database-Systems\\DATABASE-PROJECT\\laravel-shell\\laravel\\vendor\\laravel\\framework\\src\\Illuminate\\Pipeline\\Pipeline.php(167): Illuminate\\Foundation\\Http\\Middleware\\CheckForMaintenanceMode->handle()
#26 C:\\Users\\tmaas\\git\\Database-Systems\\DATABASE-PROJECT\\laravel-shell\\laravel\\vendor\\fruitcake\\laravel-cors\\src\\HandleCors.php(36): Illuminate\\Pipeline\\Pipeline->Illuminate\\Pipeline\\{closure}()
#27 C:\\Users\\tmaas\\git\\Database-Systems\\DATABASE-PROJECT\\laravel-shell\\laravel\\vendor\\laravel\\framework\\src\\Illuminate\\Pipeline\\Pipeline.php(167): Fruitcake\\Cors\\HandleCors->handle()
#28 C:\\Users\\tmaas\\git\\Database-Systems\\DATABASE-PROJECT\\laravel-shell\\laravel\\vendor\\fideloper\\proxy\\src\\TrustProxies.php(57): Illuminate\\Pipeline\\Pipeline->Illuminate\\Pipeline\\{closure}()
#29 C:\\Users\\tmaas\\git\\Database-Systems\\DATABASE-PROJECT\\laravel-shell\\laravel\\vendor\\laravel\\framework\\src\\Illuminate\\Pipeline\\Pipeline.php(167): Fideloper\\Proxy\\TrustProxies->handle()
#30 C:\\Users\\tmaas\\git\\Database-Systems\\DATABASE-PROJECT\\laravel-shell\\laravel\\vendor\\laravel\\framework\\src\\Illuminate\\Pipeline\\Pipeline.php(103): Illuminate\\Pipeline\\Pipeline->Illuminate\\Pipeline\\{closure}()
#31 C:\\Users\\tmaas\\git\\Database-Systems\\DATABASE-PROJECT\\laravel-shell\\laravel\\vendor\\laravel\\framework\\src\\Illuminate\\Foundation\\Http\\Kernel.php(140): Illuminate\\Pipeline\\Pipeline->then()
#32 C:\\Users\\tmaas\\git\\Database-Systems\\DATABASE-PROJECT\\laravel-shell\\laravel\\vendor\\laravel\\framework\\src\\Illuminate\\Foundation\\Http\\Kernel.php(109): Illuminate\\Foundation\\Http\\Kernel->sendRequestThroughRouter()
#33 C:\\Users\\tmaas\\git\\Database-Systems\\DATABASE-PROJECT\\laravel-shell\\laravel\\public\\index.php(55): Illuminate\\Foundation\\Http\\Kernel->handle()
#34 C:\\Users\\tmaas\\git\\Database-Systems\\DATABASE-PROJECT\\laravel-shell\\laravel\\server.php(21): require_once('C:\\\\Users\\\\tmaas\\\\...')
#35 {main}
"} 
[2020-03-21 22:09:32] local.ERROR: View [auth.login] not found. {"exception":"[object] (InvalidArgumentException(code: 0): View [auth.login] not found. at C:\\Users\\tmaas\\git\\Database-Systems\\DATABASE-PROJECT\\laravel-shell\\laravel\\vendor\\laravel\\framework\\src\\Illuminate\\View\\FileViewFinder.php:137)
[stacktrace]
#0 C:\\Users\\tmaas\\git\\Database-Systems\\DATABASE-PROJECT\\laravel-shell\\laravel\\vendor\\laravel\\framework\\src\\Illuminate\\View\\FileViewFinder.php(79): Illuminate\\View\\FileViewFinder->findInPaths()
#1 C:\\Users\\tmaas\\git\\Database-Systems\\DATABASE-PROJECT\\laravel-shell\\laravel\\vendor\\laravel\\framework\\src\\Illuminate\\View\\Factory.php(131): Illuminate\\View\\FileViewFinder->find()
#2 C:\\Users\\tmaas\\git\\Database-Systems\\DATABASE-PROJECT\\laravel-shell\\laravel\\vendor\\laravel\\framework\\src\\Illuminate\\Foundation\\helpers.php(959): Illuminate\\View\\Factory->make()
#3 C:\\Users\\tmaas\\git\\Database-Systems\\DATABASE-PROJECT\\laravel-shell\\laravel\\vendor\\laravel\\ui\\auth-backend\\AuthenticatesUsers.php(21): view()
#4 [internal function]: App\\Http\\Controllers\\Auth\\LoginController->showLoginForm()
#5 C:\\Users\\tmaas\\git\\Database-Systems\\DATABASE-PROJECT\\laravel-shell\\laravel\\vendor\\laravel\\framework\\src\\Illuminate\\Routing\\Controller.php(54): call_user_func_array()
#6 C:\\Users\\tmaas\\git\\Database-Systems\\DATABASE-PROJECT\\laravel-shell\\laravel\\vendor\\laravel\\framework\\src\\Illuminate\\Routing\\ControllerDispatcher.php(45): Illuminate\\Routing\\Controller->callAction()
#7 C:\\Users\\tmaas\\git\\Database-Systems\\DATABASE-PROJECT\\laravel-shell\\laravel\\vendor\\laravel\\framework\\src\\Illuminate\\Routing\\Route.php(225): Illuminate\\Routing\\ControllerDispatcher->dispatch()
#8 C:\\Users\\tmaas\\git\\Database-Systems\\DATABASE-PROJECT\\laravel-shell\\laravel\\vendor\\laravel\\framework\\src\\Illuminate\\Routing\\Route.php(182): Illuminate\\Routing\\Route->runController()
#9 C:\\Users\\tmaas\\git\\Database-Systems\\DATABASE-PROJECT\\laravel-shell\\laravel\\vendor\\laravel\\framework\\src\\Illuminate\\Routing\\Router.php(681): Illuminate\\Routing\\Route->run()
#10 C:\\Users\\tmaas\\git\\Database-Systems\\DATABASE-PROJECT\\laravel-shell\\laravel\\vendor\\laravel\\framework\\src\\Illuminate\\Pipeline\\Pipeline.php(128): Illuminate\\Routing\\Router->Illuminate\\Routing\\{closure}()
#11 C:\\Users\\tmaas\\git\\Database-Systems\\DATABASE-PROJECT\\laravel-shell\\laravel\\app\\Http\\Middleware\\RedirectIfAuthenticated.php(25): Illuminate\\Pipeline\\Pipeline->Illuminate\\Pipeline\\{closure}()
#12 C:\\Users\\tmaas\\git\\Database-Systems\\DATABASE-PROJECT\\laravel-shell\\laravel\\vendor\\laravel\\framework\\src\\Illuminate\\Pipeline\\Pipeline.php(167): App\\Http\\Middleware\\RedirectIfAuthenticated->handle()
#13 C:\\Users\\tmaas\\git\\Database-Systems\\DATABASE-PROJECT\\laravel-shell\\laravel\\vendor\\laravel\\framework\\src\\Illuminate\\Routing\\Middleware\\SubstituteBindings.php(41): Illuminate\\Pipeline\\Pipeline->Illuminate\\Pipeline\\{closure}()
#14 C:\\Users\\tmaas\\git\\Database-Systems\\DATABASE-PROJECT\\laravel-shell\\laravel\\vendor\\laravel\\framework\\src\\Illuminate\\Pipeline\\Pipeline.php(167): Illuminate\\Routing\\Middleware\\SubstituteBindings->handle()
#15 C:\\Users\\tmaas\\git\\Database-Systems\\DATABASE-PROJECT\\laravel-shell\\laravel\\vendor\\laravel\\framework\\src\\Illuminate\\Foundation\\Http\\Middleware\\VerifyCsrfToken.php(76): Illuminate\\Pipeline\\Pipeline->Illuminate\\Pipeline\\{closure}()
#16 C:\\Users\\tmaas\\git\\Database-Systems\\DATABASE-PROJECT\\laravel-shell\\laravel\\vendor\\laravel\\framework\\src\\Illuminate\\Pipeline\\Pipeline.php(167): Illuminate\\Foundation\\Http\\Middleware\\VerifyCsrfToken->handle()
#17 C:\\Users\\tmaas\\git\\Database-Systems\\DATABASE-PROJECT\\laravel-shell\\laravel\\vendor\\laravel\\framework\\src\\Illuminate\\View\\Middleware\\ShareErrorsFromSession.php(49): Illuminate\\Pipeline\\Pipeline->Illuminate\\Pipeline\\{closure}()
#18 C:\\Users\\tmaas\\git\\Database-Systems\\DATABASE-PROJECT\\laravel-shell\\laravel\\vendor\\laravel\\framework\\src\\Illuminate\\Pipeline\\Pipeline.php(167): Illuminate\\View\\Middleware\\ShareErrorsFromSession->handle()
#19 C:\\Users\\tmaas\\git\\Database-Systems\\DATABASE-PROJECT\\laravel-shell\\laravel\\vendor\\laravel\\framework\\src\\Illuminate\\Session\\Middleware\\StartSession.php(56): Illuminate\\Pipeline\\Pipeline->Illuminate\\Pipeline\\{closure}()
#20 C:\\Users\\tmaas\\git\\Database-Systems\\DATABASE-PROJECT\\laravel-shell\\laravel\\vendor\\laravel\\framework\\src\\Illuminate\\Pipeline\\Pipeline.php(167): Illuminate\\Session\\Middleware\\StartSession->handle()
#21 C:\\Users\\tmaas\\git\\Database-Systems\\DATABASE-PROJECT\\laravel-shell\\laravel\\vendor\\laravel\\framework\\src\\Illuminate\\Cookie\\Middleware\\AddQueuedCookiesToResponse.php(37): Illuminate\\Pipeline\\Pipeline->Illuminate\\Pipeline\\{closure}()
#22 C:\\Users\\tmaas\\git\\Database-Systems\\DATABASE-PROJECT\\laravel-shell\\laravel\\vendor\\laravel\\framework\\src\\Illuminate\\Pipeline\\Pipeline.php(167): Illuminate\\Cookie\\Middleware\\AddQueuedCookiesToResponse->handle()
#23 C:\\Users\\tmaas\\git\\Database-Systems\\DATABASE-PROJECT\\laravel-shell\\laravel\\vendor\\laravel\\framework\\src\\Illuminate\\Cookie\\Middleware\\EncryptCookies.php(66): Illuminate\\Pipeline\\Pipeline->Illuminate\\Pipeline\\{closure}()
#24 C:\\Users\\tmaas\\git\\Database-Systems\\DATABASE-PROJECT\\laravel-shell\\laravel\\vendor\\laravel\\framework\\src\\Illuminate\\Pipeline\\Pipeline.php(167): Illuminate\\Cookie\\Middleware\\EncryptCookies->handle()
#25 C:\\Users\\tmaas\\git\\Database-Systems\\DATABASE-PROJECT\\laravel-shell\\laravel\\vendor\\laravel\\framework\\src\\Illuminate\\Pipeline\\Pipeline.php(103): Illuminate\\Pipeline\\Pipeline->Illuminate\\Pipeline\\{closure}()
#26 C:\\Users\\tmaas\\git\\Database-Systems\\DATABASE-PROJECT\\laravel-shell\\laravel\\vendor\\laravel\\framework\\src\\Illuminate\\Routing\\Router.php(683): Illuminate\\Pipeline\\Pipeline->then()
#27 C:\\Users\\tmaas\\git\\Database-Systems\\DATABASE-PROJECT\\laravel-shell\\laravel\\vendor\\laravel\\framework\\src\\Illuminate\\Routing\\Router.php(658): Illuminate\\Routing\\Router->runRouteWithinStack()
#28 C:\\Users\\tmaas\\git\\Database-Systems\\DATABASE-PROJECT\\laravel-shell\\laravel\\vendor\\laravel\\framework\\src\\Illuminate\\Routing\\Router.php(624): Illuminate\\Routing\\Router->runRoute()
#29 C:\\Users\\tmaas\\git\\Database-Systems\\DATABASE-PROJECT\\laravel-shell\\laravel\\vendor\\laravel\\framework\\src\\Illuminate\\Routing\\Router.php(613): Illuminate\\Routing\\Router->dispatchToRoute()
#30 C:\\Users\\tmaas\\git\\Database-Systems\\DATABASE-PROJECT\\laravel-shell\\laravel\\vendor\\laravel\\framework\\src\\Illuminate\\Foundation\\Http\\Kernel.php(165): Illuminate\\Routing\\Router->dispatch()
#31 C:\\Users\\tmaas\\git\\Database-Systems\\DATABASE-PROJECT\\laravel-shell\\laravel\\vendor\\laravel\\framework\\src\\Illuminate\\Pipeline\\Pipeline.php(128): Illuminate\\Foundation\\Http\\Kernel->Illuminate\\Foundation\\Http\\{closure}()
#32 C:\\Users\\tmaas\\git\\Database-Systems\\DATABASE-PROJECT\\laravel-shell\\laravel\\vendor\\laravel\\framework\\src\\Illuminate\\Foundation\\Http\\Middleware\\TransformsRequest.php(21): Illuminate\\Pipeline\\Pipeline->Illuminate\\Pipeline\\{closure}()
#33 C:\\Users\\tmaas\\git\\Database-Systems\\DATABASE-PROJECT\\laravel-shell\\laravel\\vendor\\laravel\\framework\\src\\Illuminate\\Pipeline\\Pipeline.php(167): Illuminate\\Foundation\\Http\\Middleware\\TransformsRequest->handle()
#34 C:\\Users\\tmaas\\git\\Database-Systems\\DATABASE-PROJECT\\laravel-shell\\laravel\\vendor\\laravel\\framework\\src\\Illuminate\\Foundation\\Http\\Middleware\\TransformsRequest.php(21): Illuminate\\Pipeline\\Pipeline->Illuminate\\Pipeline\\{closure}()
#35 C:\\Users\\tmaas\\git\\Database-Systems\\DATABASE-PROJECT\\laravel-shell\\laravel\\vendor\\laravel\\framework\\src\\Illuminate\\Pipeline\\Pipeline.php(167): Illuminate\\Foundation\\Http\\Middleware\\TransformsRequest->handle()
#36 C:\\Users\\tmaas\\git\\Database-Systems\\DATABASE-PROJECT\\laravel-shell\\laravel\\vendor\\laravel\\framework\\src\\Illuminate\\Foundation\\Http\\Middleware\\ValidatePostSize.php(27): Illuminate\\Pipeline\\Pipeline->Illuminate\\Pipeline\\{closure}()
#37 C:\\Users\\tmaas\\git\\Database-Systems\\DATABASE-PROJECT\\laravel-shell\\laravel\\vendor\\laravel\\framework\\src\\Illuminate\\Pipeline\\Pipeline.php(167): Illuminate\\Foundation\\Http\\Middleware\\ValidatePostSize->handle()
#38 C:\\Users\\tmaas\\git\\Database-Systems\\DATABASE-PROJECT\\laravel-shell\\laravel\\vendor\\laravel\\framework\\src\\Illuminate\\Foundation\\Http\\Middleware\\CheckForMaintenanceMode.php(63): Illuminate\\Pipeline\\Pipeline->Illuminate\\Pipeline\\{closure}()
#39 C:\\Users\\tmaas\\git\\Database-Systems\\DATABASE-PROJECT\\laravel-shell\\laravel\\vendor\\laravel\\framework\\src\\Illuminate\\Pipeline\\Pipeline.php(167): Illuminate\\Foundation\\Http\\Middleware\\CheckForMaintenanceMode->handle()
#40 C:\\Users\\tmaas\\git\\Database-Systems\\DATABASE-PROJECT\\laravel-shell\\laravel\\vendor\\fruitcake\\laravel-cors\\src\\HandleCors.php(36): Illuminate\\Pipeline\\Pipeline->Illuminate\\Pipeline\\{closure}()
#41 C:\\Users\\tmaas\\git\\Database-Systems\\DATABASE-PROJECT\\laravel-shell\\laravel\\vendor\\laravel\\framework\\src\\Illuminate\\Pipeline\\Pipeline.php(167): Fruitcake\\Cors\\HandleCors->handle()
#42 C:\\Users\\tmaas\\git\\Database-Systems\\DATABASE-PROJECT\\laravel-shell\\laravel\\vendor\\fideloper\\proxy\\src\\TrustProxies.php(57): Illuminate\\Pipeline\\Pipeline->Illuminate\\Pipeline\\{closure}()
#43 C:\\Users\\tmaas\\git\\Database-Systems\\DATABASE-PROJECT\\laravel-shell\\laravel\\vendor\\laravel\\framework\\src\\Illuminate\\Pipeline\\Pipeline.php(167): Fideloper\\Proxy\\TrustProxies->handle()
#44 C:\\Users\\tmaas\\git\\Database-Systems\\DATABASE-PROJECT\\laravel-shell\\laravel\\vendor\\laravel\\framework\\src\\Illuminate\\Pipeline\\Pipeline.php(103): Illuminate\\Pipeline\\Pipeline->Illuminate\\Pipeline\\{closure}()
#45 C:\\Users\\tmaas\\git\\Database-Systems\\DATABASE-PROJECT\\laravel-shell\\laravel\\vendor\\laravel\\framework\\src\\Illuminate\\Foundation\\Http\\Kernel.php(140): Illuminate\\Pipeline\\Pipeline->then()
#46 C:\\Users\\tmaas\\git\\Database-Systems\\DATABASE-PROJECT\\laravel-shell\\laravel\\vendor\\laravel\\framework\\src\\Illuminate\\Foundation\\Http\\Kernel.php(109): Illuminate\\Foundation\\Http\\Kernel->sendRequestThroughRouter()
#47 C:\\Users\\tmaas\\git\\Database-Systems\\DATABASE-PROJECT\\laravel-shell\\laravel\\public\\index.php(55): Illuminate\\Foundation\\Http\\Kernel->handle()
#48 C:\\Users\\tmaas\\git\\Database-Systems\\DATABASE-PROJECT\\laravel-shell\\laravel\\server.php(21): require_once('C:\\\\Users\\\\tmaas\\\\...')
#49 {main}
"} 
[2020-03-21 22:09:33] local.ERROR: file_put_contents(C:\Users\tmaas\git\Database-Systems\laravel-shell\laravel\storage\framework/sessions/Rho8Vvho8gZzzA30oswYtKs9TD91QOtid38uZit6): failed to open stream: No such file or directory {"exception":"[object] (ErrorException(code: 0): file_put_contents(C:\\Users\\tmaas\\git\\Database-Systems\\laravel-shell\\laravel\\storage\\framework/sessions/Rho8Vvho8gZzzA30oswYtKs9TD91QOtid38uZit6): failed to open stream: No such file or directory at C:\\Users\\tmaas\\git\\Database-Systems\\DATABASE-PROJECT\\laravel-shell\\laravel\\vendor\\laravel\\framework\\src\\Illuminate\\Filesystem\\Filesystem.php:133)
[stacktrace]
#0 [internal function]: Illuminate\\Foundation\\Bootstrap\\HandleExceptions->handleError()
#1 C:\\Users\\tmaas\\git\\Database-Systems\\DATABASE-PROJECT\\laravel-shell\\laravel\\vendor\\laravel\\framework\\src\\Illuminate\\Filesystem\\Filesystem.php(133): file_put_contents()
#2 C:\\Users\\tmaas\\git\\Database-Systems\\DATABASE-PROJECT\\laravel-shell\\laravel\\vendor\\laravel\\framework\\src\\Illuminate\\Session\\FileSessionHandler.php(83): Illuminate\\Filesystem\\Filesystem->put()
#3 C:\\Users\\tmaas\\git\\Database-Systems\\DATABASE-PROJECT\\laravel-shell\\laravel\\vendor\\laravel\\framework\\src\\Illuminate\\Session\\Store.php(129): Illuminate\\Session\\FileSessionHandler->write()
#4 C:\\Users\\tmaas\\git\\Database-Systems\\DATABASE-PROJECT\\laravel-shell\\laravel\\vendor\\laravel\\framework\\src\\Illuminate\\Session\\Middleware\\StartSession.php(170): Illuminate\\Session\\Store->save()
#5 C:\\Users\\tmaas\\git\\Database-Systems\\DATABASE-PROJECT\\laravel-shell\\laravel\\vendor\\laravel\\framework\\src\\Illuminate\\Session\\Middleware\\StartSession.php(65): Illuminate\\Session\\Middleware\\StartSession->saveSession()
#6 C:\\Users\\tmaas\\git\\Database-Systems\\DATABASE-PROJECT\\laravel-shell\\laravel\\vendor\\laravel\\framework\\src\\Illuminate\\Pipeline\\Pipeline.php(167): Illuminate\\Session\\Middleware\\StartSession->handle()
#7 C:\\Users\\tmaas\\git\\Database-Systems\\DATABASE-PROJECT\\laravel-shell\\laravel\\vendor\\laravel\\framework\\src\\Illuminate\\Cookie\\Middleware\\AddQueuedCookiesToResponse.php(37): Illuminate\\Pipeline\\Pipeline->Illuminate\\Pipeline\\{closure}()
#8 C:\\Users\\tmaas\\git\\Database-Systems\\DATABASE-PROJECT\\laravel-shell\\laravel\\vendor\\laravel\\framework\\src\\Illuminate\\Pipeline\\Pipeline.php(167): Illuminate\\Cookie\\Middleware\\AddQueuedCookiesToResponse->handle()
#9 C:\\Users\\tmaas\\git\\Database-Systems\\DATABASE-PROJECT\\laravel-shell\\laravel\\vendor\\laravel\\framework\\src\\Illuminate\\Cookie\\Middleware\\EncryptCookies.php(66): Illuminate\\Pipeline\\Pipeline->Illuminate\\Pipeline\\{closure}()
#10 C:\\Users\\tmaas\\git\\Database-Systems\\DATABASE-PROJECT\\laravel-shell\\laravel\\vendor\\laravel\\framework\\src\\Illuminate\\Pipeline\\Pipeline.php(167): Illuminate\\Cookie\\Middleware\\EncryptCookies->handle()
#11 C:\\Users\\tmaas\\git\\Database-Systems\\DATABASE-PROJECT\\laravel-shell\\laravel\\vendor\\laravel\\framework\\src\\Illuminate\\Pipeline\\Pipeline.php(103): Illuminate\\Pipeline\\Pipeline->Illuminate\\Pipeline\\{closure}()
#12 C:\\Users\\tmaas\\git\\Database-Systems\\DATABASE-PROJECT\\laravel-shell\\laravel\\vendor\\laravel\\framework\\src\\Illuminate\\Routing\\Router.php(683): Illuminate\\Pipeline\\Pipeline->then()
#13 C:\\Users\\tmaas\\git\\Database-Systems\\DATABASE-PROJECT\\laravel-shell\\laravel\\vendor\\laravel\\framework\\src\\Illuminate\\Routing\\Router.php(658): Illuminate\\Routing\\Router->runRouteWithinStack()
#14 C:\\Users\\tmaas\\git\\Database-Systems\\DATABASE-PROJECT\\laravel-shell\\laravel\\vendor\\laravel\\framework\\src\\Illuminate\\Routing\\Router.php(624): Illuminate\\Routing\\Router->runRoute()
#15 C:\\Users\\tmaas\\git\\Database-Systems\\DATABASE-PROJECT\\laravel-shell\\laravel\\vendor\\laravel\\framework\\src\\Illuminate\\Routing\\Router.php(613): Illuminate\\Routing\\Router->dispatchToRoute()
#16 C:\\Users\\tmaas\\git\\Database-Systems\\DATABASE-PROJECT\\laravel-shell\\laravel\\vendor\\laravel\\framework\\src\\Illuminate\\Foundation\\Http\\Kernel.php(165): Illuminate\\Routing\\Router->dispatch()
#17 C:\\Users\\tmaas\\git\\Database-Systems\\DATABASE-PROJECT\\laravel-shell\\laravel\\vendor\\laravel\\framework\\src\\Illuminate\\Pipeline\\Pipeline.php(128): Illuminate\\Foundation\\Http\\Kernel->Illuminate\\Foundation\\Http\\{closure}()
#18 C:\\Users\\tmaas\\git\\Database-Systems\\DATABASE-PROJECT\\laravel-shell\\laravel\\vendor\\laravel\\framework\\src\\Illuminate\\Foundation\\Http\\Middleware\\TransformsRequest.php(21): Illuminate\\Pipeline\\Pipeline->Illuminate\\Pipeline\\{closure}()
#19 C:\\Users\\tmaas\\git\\Database-Systems\\DATABASE-PROJECT\\laravel-shell\\laravel\\vendor\\laravel\\framework\\src\\Illuminate\\Pipeline\\Pipeline.php(167): Illuminate\\Foundation\\Http\\Middleware\\TransformsRequest->handle()
#20 C:\\Users\\tmaas\\git\\Database-Systems\\DATABASE-PROJECT\\laravel-shell\\laravel\\vendor\\laravel\\framework\\src\\Illuminate\\Foundation\\Http\\Middleware\\TransformsRequest.php(21): Illuminate\\Pipeline\\Pipeline->Illuminate\\Pipeline\\{closure}()
#21 C:\\Users\\tmaas\\git\\Database-Systems\\DATABASE-PROJECT\\laravel-shell\\laravel\\vendor\\laravel\\framework\\src\\Illuminate\\Pipeline\\Pipeline.php(167): Illuminate\\Foundation\\Http\\Middleware\\TransformsRequest->handle()
#22 C:\\Users\\tmaas\\git\\Database-Systems\\DATABASE-PROJECT\\laravel-shell\\laravel\\vendor\\laravel\\framework\\src\\Illuminate\\Foundation\\Http\\Middleware\\ValidatePostSize.php(27): Illuminate\\Pipeline\\Pipeline->Illuminate\\Pipeline\\{closure}()
#23 C:\\Users\\tmaas\\git\\Database-Systems\\DATABASE-PROJECT\\laravel-shell\\laravel\\vendor\\laravel\\framework\\src\\Illuminate\\Pipeline\\Pipeline.php(167): Illuminate\\Foundation\\Http\\Middleware\\ValidatePostSize->handle()
#24 C:\\Users\\tmaas\\git\\Database-Systems\\DATABASE-PROJECT\\laravel-shell\\laravel\\vendor\\laravel\\framework\\src\\Illuminate\\Foundation\\Http\\Middleware\\CheckForMaintenanceMode.php(63): Illuminate\\Pipeline\\Pipeline->Illuminate\\Pipeline\\{closure}()
#25 C:\\Users\\tmaas\\git\\Database-Systems\\DATABASE-PROJECT\\laravel-shell\\laravel\\vendor\\laravel\\framework\\src\\Illuminate\\Pipeline\\Pipeline.php(167): Illuminate\\Foundation\\Http\\Middleware\\CheckForMaintenanceMode->handle()
#26 C:\\Users\\tmaas\\git\\Database-Systems\\DATABASE-PROJECT\\laravel-shell\\laravel\\vendor\\fruitcake\\laravel-cors\\src\\HandleCors.php(36): Illuminate\\Pipeline\\Pipeline->Illuminate\\Pipeline\\{closure}()
#27 C:\\Users\\tmaas\\git\\Database-Systems\\DATABASE-PROJECT\\laravel-shell\\laravel\\vendor\\laravel\\framework\\src\\Illuminate\\Pipeline\\Pipeline.php(167): Fruitcake\\Cors\\HandleCors->handle()
#28 C:\\Users\\tmaas\\git\\Database-Systems\\DATABASE-PROJECT\\laravel-shell\\laravel\\vendor\\fideloper\\proxy\\src\\TrustProxies.php(57): Illuminate\\Pipeline\\Pipeline->Illuminate\\Pipeline\\{closure}()
#29 C:\\Users\\tmaas\\git\\Database-Systems\\DATABASE-PROJECT\\laravel-shell\\laravel\\vendor\\laravel\\framework\\src\\Illuminate\\Pipeline\\Pipeline.php(167): Fideloper\\Proxy\\TrustProxies->handle()
#30 C:\\Users\\tmaas\\git\\Database-Systems\\DATABASE-PROJECT\\laravel-shell\\laravel\\vendor\\laravel\\framework\\src\\Illuminate\\Pipeline\\Pipeline.php(103): Illuminate\\Pipeline\\Pipeline->Illuminate\\Pipeline\\{closure}()
#31 C:\\Users\\tmaas\\git\\Database-Systems\\DATABASE-PROJECT\\laravel-shell\\laravel\\vendor\\laravel\\framework\\src\\Illuminate\\Foundation\\Http\\Kernel.php(140): Illuminate\\Pipeline\\Pipeline->then()
#32 C:\\Users\\tmaas\\git\\Database-Systems\\DATABASE-PROJECT\\laravel-shell\\laravel\\vendor\\laravel\\framework\\src\\Illuminate\\Foundation\\Http\\Kernel.php(109): Illuminate\\Foundation\\Http\\Kernel->sendRequestThroughRouter()
#33 C:\\Users\\tmaas\\git\\Database-Systems\\DATABASE-PROJECT\\laravel-shell\\laravel\\public\\index.php(55): Illuminate\\Foundation\\Http\\Kernel->handle()
#34 C:\\Users\\tmaas\\git\\Database-Systems\\DATABASE-PROJECT\\laravel-shell\\laravel\\server.php(21): require_once('C:\\\\Users\\\\tmaas\\\\...')
#35 {main}
"} 
[2020-03-21 22:09:42] local.ERROR: View [auth.register] not found. {"exception":"[object] (InvalidArgumentException(code: 0): View [auth.register] not found. at C:\\Users\\tmaas\\git\\Database-Systems\\DATABASE-PROJECT\\laravel-shell\\laravel\\vendor\\laravel\\framework\\src\\Illuminate\\View\\FileViewFinder.php:137)
[stacktrace]
#0 C:\\Users\\tmaas\\git\\Database-Systems\\DATABASE-PROJECT\\laravel-shell\\laravel\\vendor\\laravel\\framework\\src\\Illuminate\\View\\FileViewFinder.php(79): Illuminate\\View\\FileViewFinder->findInPaths()
#1 C:\\Users\\tmaas\\git\\Database-Systems\\DATABASE-PROJECT\\laravel-shell\\laravel\\vendor\\laravel\\framework\\src\\Illuminate\\View\\Factory.php(131): Illuminate\\View\\FileViewFinder->find()
#2 C:\\Users\\tmaas\\git\\Database-Systems\\DATABASE-PROJECT\\laravel-shell\\laravel\\vendor\\laravel\\framework\\src\\Illuminate\\Foundation\\helpers.php(959): Illuminate\\View\\Factory->make()
#3 C:\\Users\\tmaas\\git\\Database-Systems\\DATABASE-PROJECT\\laravel-shell\\laravel\\vendor\\laravel\\ui\\auth-backend\\RegistersUsers.php(21): view()
#4 [internal function]: App\\Http\\Controllers\\Auth\\RegisterController->showRegistrationForm()
#5 C:\\Users\\tmaas\\git\\Database-Systems\\DATABASE-PROJECT\\laravel-shell\\laravel\\vendor\\laravel\\framework\\src\\Illuminate\\Routing\\Controller.php(54): call_user_func_array()
#6 C:\\Users\\tmaas\\git\\Database-Systems\\DATABASE-PROJECT\\laravel-shell\\laravel\\vendor\\laravel\\framework\\src\\Illuminate\\Routing\\ControllerDispatcher.php(45): Illuminate\\Routing\\Controller->callAction()
#7 C:\\Users\\tmaas\\git\\Database-Systems\\DATABASE-PROJECT\\laravel-shell\\laravel\\vendor\\laravel\\framework\\src\\Illuminate\\Routing\\Route.php(225): Illuminate\\Routing\\ControllerDispatcher->dispatch()
#8 C:\\Users\\tmaas\\git\\Database-Systems\\DATABASE-PROJECT\\laravel-shell\\laravel\\vendor\\laravel\\framework\\src\\Illuminate\\Routing\\Route.php(182): Illuminate\\Routing\\Route->runController()
#9 C:\\Users\\tmaas\\git\\Database-Systems\\DATABASE-PROJECT\\laravel-shell\\laravel\\vendor\\laravel\\framework\\src\\Illuminate\\Routing\\Router.php(681): Illuminate\\Routing\\Route->run()
#10 C:\\Users\\tmaas\\git\\Database-Systems\\DATABASE-PROJECT\\laravel-shell\\laravel\\vendor\\laravel\\framework\\src\\Illuminate\\Pipeline\\Pipeline.php(128): Illuminate\\Routing\\Router->Illuminate\\Routing\\{closure}()
#11 C:\\Users\\tmaas\\git\\Database-Systems\\DATABASE-PROJECT\\laravel-shell\\laravel\\app\\Http\\Middleware\\RedirectIfAuthenticated.php(25): Illuminate\\Pipeline\\Pipeline->Illuminate\\Pipeline\\{closure}()
#12 C:\\Users\\tmaas\\git\\Database-Systems\\DATABASE-PROJECT\\laravel-shell\\laravel\\vendor\\laravel\\framework\\src\\Illuminate\\Pipeline\\Pipeline.php(167): App\\Http\\Middleware\\RedirectIfAuthenticated->handle()
#13 C:\\Users\\tmaas\\git\\Database-Systems\\DATABASE-PROJECT\\laravel-shell\\laravel\\vendor\\laravel\\framework\\src\\Illuminate\\Routing\\Middleware\\SubstituteBindings.php(41): Illuminate\\Pipeline\\Pipeline->Illuminate\\Pipeline\\{closure}()
#14 C:\\Users\\tmaas\\git\\Database-Systems\\DATABASE-PROJECT\\laravel-shell\\laravel\\vendor\\laravel\\framework\\src\\Illuminate\\Pipeline\\Pipeline.php(167): Illuminate\\Routing\\Middleware\\SubstituteBindings->handle()
#15 C:\\Users\\tmaas\\git\\Database-Systems\\DATABASE-PROJECT\\laravel-shell\\laravel\\vendor\\laravel\\framework\\src\\Illuminate\\Foundation\\Http\\Middleware\\VerifyCsrfToken.php(76): Illuminate\\Pipeline\\Pipeline->Illuminate\\Pipeline\\{closure}()
#16 C:\\Users\\tmaas\\git\\Database-Systems\\DATABASE-PROJECT\\laravel-shell\\laravel\\vendor\\laravel\\framework\\src\\Illuminate\\Pipeline\\Pipeline.php(167): Illuminate\\Foundation\\Http\\Middleware\\VerifyCsrfToken->handle()
#17 C:\\Users\\tmaas\\git\\Database-Systems\\DATABASE-PROJECT\\laravel-shell\\laravel\\vendor\\laravel\\framework\\src\\Illuminate\\View\\Middleware\\ShareErrorsFromSession.php(49): Illuminate\\Pipeline\\Pipeline->Illuminate\\Pipeline\\{closure}()
#18 C:\\Users\\tmaas\\git\\Database-Systems\\DATABASE-PROJECT\\laravel-shell\\laravel\\vendor\\laravel\\framework\\src\\Illuminate\\Pipeline\\Pipeline.php(167): Illuminate\\View\\Middleware\\ShareErrorsFromSession->handle()
#19 C:\\Users\\tmaas\\git\\Database-Systems\\DATABASE-PROJECT\\laravel-shell\\laravel\\vendor\\laravel\\framework\\src\\Illuminate\\Session\\Middleware\\StartSession.php(56): Illuminate\\Pipeline\\Pipeline->Illuminate\\Pipeline\\{closure}()
#20 C:\\Users\\tmaas\\git\\Database-Systems\\DATABASE-PROJECT\\laravel-shell\\laravel\\vendor\\laravel\\framework\\src\\Illuminate\\Pipeline\\Pipeline.php(167): Illuminate\\Session\\Middleware\\StartSession->handle()
#21 C:\\Users\\tmaas\\git\\Database-Systems\\DATABASE-PROJECT\\laravel-shell\\laravel\\vendor\\laravel\\framework\\src\\Illuminate\\Cookie\\Middleware\\AddQueuedCookiesToResponse.php(37): Illuminate\\Pipeline\\Pipeline->Illuminate\\Pipeline\\{closure}()
#22 C:\\Users\\tmaas\\git\\Database-Systems\\DATABASE-PROJECT\\laravel-shell\\laravel\\vendor\\laravel\\framework\\src\\Illuminate\\Pipeline\\Pipeline.php(167): Illuminate\\Cookie\\Middleware\\AddQueuedCookiesToResponse->handle()
#23 C:\\Users\\tmaas\\git\\Database-Systems\\DATABASE-PROJECT\\laravel-shell\\laravel\\vendor\\laravel\\framework\\src\\Illuminate\\Cookie\\Middleware\\EncryptCookies.php(66): Illuminate\\Pipeline\\Pipeline->Illuminate\\Pipeline\\{closure}()
#24 C:\\Users\\tmaas\\git\\Database-Systems\\DATABASE-PROJECT\\laravel-shell\\laravel\\vendor\\laravel\\framework\\src\\Illuminate\\Pipeline\\Pipeline.php(167): Illuminate\\Cookie\\Middleware\\EncryptCookies->handle()
#25 C:\\Users\\tmaas\\git\\Database-Systems\\DATABASE-PROJECT\\laravel-shell\\laravel\\vendor\\laravel\\framework\\src\\Illuminate\\Pipeline\\Pipeline.php(103): Illuminate\\Pipeline\\Pipeline->Illuminate\\Pipeline\\{closure}()
#26 C:\\Users\\tmaas\\git\\Database-Systems\\DATABASE-PROJECT\\laravel-shell\\laravel\\vendor\\laravel\\framework\\src\\Illuminate\\Routing\\Router.php(683): Illuminate\\Pipeline\\Pipeline->then()
#27 C:\\Users\\tmaas\\git\\Database-Systems\\DATABASE-PROJECT\\laravel-shell\\laravel\\vendor\\laravel\\framework\\src\\Illuminate\\Routing\\Router.php(658): Illuminate\\Routing\\Router->runRouteWithinStack()
#28 C:\\Users\\tmaas\\git\\Database-Systems\\DATABASE-PROJECT\\laravel-shell\\laravel\\vendor\\laravel\\framework\\src\\Illuminate\\Routing\\Router.php(624): Illuminate\\Routing\\Router->runRoute()
#29 C:\\Users\\tmaas\\git\\Database-Systems\\DATABASE-PROJECT\\laravel-shell\\laravel\\vendor\\laravel\\framework\\src\\Illuminate\\Routing\\Router.php(613): Illuminate\\Routing\\Router->dispatchToRoute()
#30 C:\\Users\\tmaas\\git\\Database-Systems\\DATABASE-PROJECT\\laravel-shell\\laravel\\vendor\\laravel\\framework\\src\\Illuminate\\Foundation\\Http\\Kernel.php(165): Illuminate\\Routing\\Router->dispatch()
#31 C:\\Users\\tmaas\\git\\Database-Systems\\DATABASE-PROJECT\\laravel-shell\\laravel\\vendor\\laravel\\framework\\src\\Illuminate\\Pipeline\\Pipeline.php(128): Illuminate\\Foundation\\Http\\Kernel->Illuminate\\Foundation\\Http\\{closure}()
#32 C:\\Users\\tmaas\\git\\Database-Systems\\DATABASE-PROJECT\\laravel-shell\\laravel\\vendor\\laravel\\framework\\src\\Illuminate\\Foundation\\Http\\Middleware\\TransformsRequest.php(21): Illuminate\\Pipeline\\Pipeline->Illuminate\\Pipeline\\{closure}()
#33 C:\\Users\\tmaas\\git\\Database-Systems\\DATABASE-PROJECT\\laravel-shell\\laravel\\vendor\\laravel\\framework\\src\\Illuminate\\Pipeline\\Pipeline.php(167): Illuminate\\Foundation\\Http\\Middleware\\TransformsRequest->handle()
#34 C:\\Users\\tmaas\\git\\Database-Systems\\DATABASE-PROJECT\\laravel-shell\\laravel\\vendor\\laravel\\framework\\src\\Illuminate\\Foundation\\Http\\Middleware\\TransformsRequest.php(21): Illuminate\\Pipeline\\Pipeline->Illuminate\\Pipeline\\{closure}()
#35 C:\\Users\\tmaas\\git\\Database-Systems\\DATABASE-PROJECT\\laravel-shell\\laravel\\vendor\\laravel\\framework\\src\\Illuminate\\Pipeline\\Pipeline.php(167): Illuminate\\Foundation\\Http\\Middleware\\TransformsRequest->handle()
#36 C:\\Users\\tmaas\\git\\Database-Systems\\DATABASE-PROJECT\\laravel-shell\\laravel\\vendor\\laravel\\framework\\src\\Illuminate\\Foundation\\Http\\Middleware\\ValidatePostSize.php(27): Illuminate\\Pipeline\\Pipeline->Illuminate\\Pipeline\\{closure}()
#37 C:\\Users\\tmaas\\git\\Database-Systems\\DATABASE-PROJECT\\laravel-shell\\laravel\\vendor\\laravel\\framework\\src\\Illuminate\\Pipeline\\Pipeline.php(167): Illuminate\\Foundation\\Http\\Middleware\\ValidatePostSize->handle()
#38 C:\\Users\\tmaas\\git\\Database-Systems\\DATABASE-PROJECT\\laravel-shell\\laravel\\vendor\\laravel\\framework\\src\\Illuminate\\Foundation\\Http\\Middleware\\CheckForMaintenanceMode.php(63): Illuminate\\Pipeline\\Pipeline->Illuminate\\Pipeline\\{closure}()
#39 C:\\Users\\tmaas\\git\\Database-Systems\\DATABASE-PROJECT\\laravel-shell\\laravel\\vendor\\laravel\\framework\\src\\Illuminate\\Pipeline\\Pipeline.php(167): Illuminate\\Foundation\\Http\\Middleware\\CheckForMaintenanceMode->handle()
#40 C:\\Users\\tmaas\\git\\Database-Systems\\DATABASE-PROJECT\\laravel-shell\\laravel\\vendor\\fruitcake\\laravel-cors\\src\\HandleCors.php(36): Illuminate\\Pipeline\\Pipeline->Illuminate\\Pipeline\\{closure}()
#41 C:\\Users\\tmaas\\git\\Database-Systems\\DATABASE-PROJECT\\laravel-shell\\laravel\\vendor\\laravel\\framework\\src\\Illuminate\\Pipeline\\Pipeline.php(167): Fruitcake\\Cors\\HandleCors->handle()
#42 C:\\Users\\tmaas\\git\\Database-Systems\\DATABASE-PROJECT\\laravel-shell\\laravel\\vendor\\fideloper\\proxy\\src\\TrustProxies.php(57): Illuminate\\Pipeline\\Pipeline->Illuminate\\Pipeline\\{closure}()
#43 C:\\Users\\tmaas\\git\\Database-Systems\\DATABASE-PROJECT\\laravel-shell\\laravel\\vendor\\laravel\\framework\\src\\Illuminate\\Pipeline\\Pipeline.php(167): Fideloper\\Proxy\\TrustProxies->handle()
#44 C:\\Users\\tmaas\\git\\Database-Systems\\DATABASE-PROJECT\\laravel-shell\\laravel\\vendor\\laravel\\framework\\src\\Illuminate\\Pipeline\\Pipeline.php(103): Illuminate\\Pipeline\\Pipeline->Illuminate\\Pipeline\\{closure}()
#45 C:\\Users\\tmaas\\git\\Database-Systems\\DATABASE-PROJECT\\laravel-shell\\laravel\\vendor\\laravel\\framework\\src\\Illuminate\\Foundation\\Http\\Kernel.php(140): Illuminate\\Pipeline\\Pipeline->then()
#46 C:\\Users\\tmaas\\git\\Database-Systems\\DATABASE-PROJECT\\laravel-shell\\laravel\\vendor\\laravel\\framework\\src\\Illuminate\\Foundation\\Http\\Kernel.php(109): Illuminate\\Foundation\\Http\\Kernel->sendRequestThroughRouter()
#47 C:\\Users\\tmaas\\git\\Database-Systems\\DATABASE-PROJECT\\laravel-shell\\laravel\\public\\index.php(55): Illuminate\\Foundation\\Http\\Kernel->handle()
#48 C:\\Users\\tmaas\\git\\Database-Systems\\DATABASE-PROJECT\\laravel-shell\\laravel\\server.php(21): require_once('C:\\\\Users\\\\tmaas\\\\...')
#49 {main}
"} 
[2020-03-21 22:09:42] local.ERROR: file_put_contents(C:\Users\tmaas\git\Database-Systems\laravel-shell\laravel\storage\framework/sessions/gROp47SZb1PLayF3IwFh9dttIV7pj5B8tBA2erbw): failed to open stream: No such file or directory {"exception":"[object] (ErrorException(code: 0): file_put_contents(C:\\Users\\tmaas\\git\\Database-Systems\\laravel-shell\\laravel\\storage\\framework/sessions/gROp47SZb1PLayF3IwFh9dttIV7pj5B8tBA2erbw): failed to open stream: No such file or directory at C:\\Users\\tmaas\\git\\Database-Systems\\DATABASE-PROJECT\\laravel-shell\\laravel\\vendor\\laravel\\framework\\src\\Illuminate\\Filesystem\\Filesystem.php:133)
[stacktrace]
#0 [internal function]: Illuminate\\Foundation\\Bootstrap\\HandleExceptions->handleError()
#1 C:\\Users\\tmaas\\git\\Database-Systems\\DATABASE-PROJECT\\laravel-shell\\laravel\\vendor\\laravel\\framework\\src\\Illuminate\\Filesystem\\Filesystem.php(133): file_put_contents()
#2 C:\\Users\\tmaas\\git\\Database-Systems\\DATABASE-PROJECT\\laravel-shell\\laravel\\vendor\\laravel\\framework\\src\\Illuminate\\Session\\FileSessionHandler.php(83): Illuminate\\Filesystem\\Filesystem->put()
#3 C:\\Users\\tmaas\\git\\Database-Systems\\DATABASE-PROJECT\\laravel-shell\\laravel\\vendor\\laravel\\framework\\src\\Illuminate\\Session\\Store.php(129): Illuminate\\Session\\FileSessionHandler->write()
#4 C:\\Users\\tmaas\\git\\Database-Systems\\DATABASE-PROJECT\\laravel-shell\\laravel\\vendor\\laravel\\framework\\src\\Illuminate\\Session\\Middleware\\StartSession.php(170): Illuminate\\Session\\Store->save()
#5 C:\\Users\\tmaas\\git\\Database-Systems\\DATABASE-PROJECT\\laravel-shell\\laravel\\vendor\\laravel\\framework\\src\\Illuminate\\Session\\Middleware\\StartSession.php(65): Illuminate\\Session\\Middleware\\StartSession->saveSession()
#6 C:\\Users\\tmaas\\git\\Database-Systems\\DATABASE-PROJECT\\laravel-shell\\laravel\\vendor\\laravel\\framework\\src\\Illuminate\\Pipeline\\Pipeline.php(167): Illuminate\\Session\\Middleware\\StartSession->handle()
#7 C:\\Users\\tmaas\\git\\Database-Systems\\DATABASE-PROJECT\\laravel-shell\\laravel\\vendor\\laravel\\framework\\src\\Illuminate\\Cookie\\Middleware\\AddQueuedCookiesToResponse.php(37): Illuminate\\Pipeline\\Pipeline->Illuminate\\Pipeline\\{closure}()
#8 C:\\Users\\tmaas\\git\\Database-Systems\\DATABASE-PROJECT\\laravel-shell\\laravel\\vendor\\laravel\\framework\\src\\Illuminate\\Pipeline\\Pipeline.php(167): Illuminate\\Cookie\\Middleware\\AddQueuedCookiesToResponse->handle()
#9 C:\\Users\\tmaas\\git\\Database-Systems\\DATABASE-PROJECT\\laravel-shell\\laravel\\vendor\\laravel\\framework\\src\\Illuminate\\Cookie\\Middleware\\EncryptCookies.php(66): Illuminate\\Pipeline\\Pipeline->Illuminate\\Pipeline\\{closure}()
#10 C:\\Users\\tmaas\\git\\Database-Systems\\DATABASE-PROJECT\\laravel-shell\\laravel\\vendor\\laravel\\framework\\src\\Illuminate\\Pipeline\\Pipeline.php(167): Illuminate\\Cookie\\Middleware\\EncryptCookies->handle()
#11 C:\\Users\\tmaas\\git\\Database-Systems\\DATABASE-PROJECT\\laravel-shell\\laravel\\vendor\\laravel\\framework\\src\\Illuminate\\Pipeline\\Pipeline.php(103): Illuminate\\Pipeline\\Pipeline->Illuminate\\Pipeline\\{closure}()
#12 C:\\Users\\tmaas\\git\\Database-Systems\\DATABASE-PROJECT\\laravel-shell\\laravel\\vendor\\laravel\\framework\\src\\Illuminate\\Routing\\Router.php(683): Illuminate\\Pipeline\\Pipeline->then()
#13 C:\\Users\\tmaas\\git\\Database-Systems\\DATABASE-PROJECT\\laravel-shell\\laravel\\vendor\\laravel\\framework\\src\\Illuminate\\Routing\\Router.php(658): Illuminate\\Routing\\Router->runRouteWithinStack()
#14 C:\\Users\\tmaas\\git\\Database-Systems\\DATABASE-PROJECT\\laravel-shell\\laravel\\vendor\\laravel\\framework\\src\\Illuminate\\Routing\\Router.php(624): Illuminate\\Routing\\Router->runRoute()
#15 C:\\Users\\tmaas\\git\\Database-Systems\\DATABASE-PROJECT\\laravel-shell\\laravel\\vendor\\laravel\\framework\\src\\Illuminate\\Routing\\Router.php(613): Illuminate\\Routing\\Router->dispatchToRoute()
#16 C:\\Users\\tmaas\\git\\Database-Systems\\DATABASE-PROJECT\\laravel-shell\\laravel\\vendor\\laravel\\framework\\src\\Illuminate\\Foundation\\Http\\Kernel.php(165): Illuminate\\Routing\\Router->dispatch()
#17 C:\\Users\\tmaas\\git\\Database-Systems\\DATABASE-PROJECT\\laravel-shell\\laravel\\vendor\\laravel\\framework\\src\\Illuminate\\Pipeline\\Pipeline.php(128): Illuminate\\Foundation\\Http\\Kernel->Illuminate\\Foundation\\Http\\{closure}()
#18 C:\\Users\\tmaas\\git\\Database-Systems\\DATABASE-PROJECT\\laravel-shell\\laravel\\vendor\\laravel\\framework\\src\\Illuminate\\Foundation\\Http\\Middleware\\TransformsRequest.php(21): Illuminate\\Pipeline\\Pipeline->Illuminate\\Pipeline\\{closure}()
#19 C:\\Users\\tmaas\\git\\Database-Systems\\DATABASE-PROJECT\\laravel-shell\\laravel\\vendor\\laravel\\framework\\src\\Illuminate\\Pipeline\\Pipeline.php(167): Illuminate\\Foundation\\Http\\Middleware\\TransformsRequest->handle()
#20 C:\\Users\\tmaas\\git\\Database-Systems\\DATABASE-PROJECT\\laravel-shell\\laravel\\vendor\\laravel\\framework\\src\\Illuminate\\Foundation\\Http\\Middleware\\TransformsRequest.php(21): Illuminate\\Pipeline\\Pipeline->Illuminate\\Pipeline\\{closure}()
#21 C:\\Users\\tmaas\\git\\Database-Systems\\DATABASE-PROJECT\\laravel-shell\\laravel\\vendor\\laravel\\framework\\src\\Illuminate\\Pipeline\\Pipeline.php(167): Illuminate\\Foundation\\Http\\Middleware\\TransformsRequest->handle()
#22 C:\\Users\\tmaas\\git\\Database-Systems\\DATABASE-PROJECT\\laravel-shell\\laravel\\vendor\\laravel\\framework\\src\\Illuminate\\Foundation\\Http\\Middleware\\ValidatePostSize.php(27): Illuminate\\Pipeline\\Pipeline->Illuminate\\Pipeline\\{closure}()
#23 C:\\Users\\tmaas\\git\\Database-Systems\\DATABASE-PROJECT\\laravel-shell\\laravel\\vendor\\laravel\\framework\\src\\Illuminate\\Pipeline\\Pipeline.php(167): Illuminate\\Foundation\\Http\\Middleware\\ValidatePostSize->handle()
#24 C:\\Users\\tmaas\\git\\Database-Systems\\DATABASE-PROJECT\\laravel-shell\\laravel\\vendor\\laravel\\framework\\src\\Illuminate\\Foundation\\Http\\Middleware\\CheckForMaintenanceMode.php(63): Illuminate\\Pipeline\\Pipeline->Illuminate\\Pipeline\\{closure}()
#25 C:\\Users\\tmaas\\git\\Database-Systems\\DATABASE-PROJECT\\laravel-shell\\laravel\\vendor\\laravel\\framework\\src\\Illuminate\\Pipeline\\Pipeline.php(167): Illuminate\\Foundation\\Http\\Middleware\\CheckForMaintenanceMode->handle()
#26 C:\\Users\\tmaas\\git\\Database-Systems\\DATABASE-PROJECT\\laravel-shell\\laravel\\vendor\\fruitcake\\laravel-cors\\src\\HandleCors.php(36): Illuminate\\Pipeline\\Pipeline->Illuminate\\Pipeline\\{closure}()
#27 C:\\Users\\tmaas\\git\\Database-Systems\\DATABASE-PROJECT\\laravel-shell\\laravel\\vendor\\laravel\\framework\\src\\Illuminate\\Pipeline\\Pipeline.php(167): Fruitcake\\Cors\\HandleCors->handle()
#28 C:\\Users\\tmaas\\git\\Database-Systems\\DATABASE-PROJECT\\laravel-shell\\laravel\\vendor\\fideloper\\proxy\\src\\TrustProxies.php(57): Illuminate\\Pipeline\\Pipeline->Illuminate\\Pipeline\\{closure}()
#29 C:\\Users\\tmaas\\git\\Database-Systems\\DATABASE-PROJECT\\laravel-shell\\laravel\\vendor\\laravel\\framework\\src\\Illuminate\\Pipeline\\Pipeline.php(167): Fideloper\\Proxy\\TrustProxies->handle()
#30 C:\\Users\\tmaas\\git\\Database-Systems\\DATABASE-PROJECT\\laravel-shell\\laravel\\vendor\\laravel\\framework\\src\\Illuminate\\Pipeline\\Pipeline.php(103): Illuminate\\Pipeline\\Pipeline->Illuminate\\Pipeline\\{closure}()
#31 C:\\Users\\tmaas\\git\\Database-Systems\\DATABASE-PROJECT\\laravel-shell\\laravel\\vendor\\laravel\\framework\\src\\Illuminate\\Foundation\\Http\\Kernel.php(140): Illuminate\\Pipeline\\Pipeline->then()
#32 C:\\Users\\tmaas\\git\\Database-Systems\\DATABASE-PROJECT\\laravel-shell\\laravel\\vendor\\laravel\\framework\\src\\Illuminate\\Foundation\\Http\\Kernel.php(109): Illuminate\\Foundation\\Http\\Kernel->sendRequestThroughRouter()
#33 C:\\Users\\tmaas\\git\\Database-Systems\\DATABASE-PROJECT\\laravel-shell\\laravel\\public\\index.php(55): Illuminate\\Foundation\\Http\\Kernel->handle()
#34 C:\\Users\\tmaas\\git\\Database-Systems\\DATABASE-PROJECT\\laravel-shell\\laravel\\server.php(21): require_once('C:\\\\Users\\\\tmaas\\\\...')
#35 {main}
"} 
[2020-03-21 22:11:27] local.ERROR: Unable to prepare route [api/user] for serialization. Uses Closure. {"exception":"[object] (LogicException(code: 0): Unable to prepare route [api/user] for serialization. Uses Closure. at C:\\Users\\tmaas\\git\\Database-Systems\\DATABASE-PROJECT\\laravel-shell\\laravel\\vendor\\laravel\\framework\\src\\Illuminate\\Routing\\Route.php:1054)
[stacktrace]
#0 C:\\Users\\tmaas\\git\\Database-Systems\\DATABASE-PROJECT\\laravel-shell\\laravel\\vendor\\laravel\\framework\\src\\Illuminate\\Foundation\\Console\\RouteCacheCommand.php(62): Illuminate\\Routing\\Route->prepareForSerialization()
#1 [internal function]: Illuminate\\Foundation\\Console\\RouteCacheCommand->handle()
#2 C:\\Users\\tmaas\\git\\Database-Systems\\DATABASE-PROJECT\\laravel-shell\\laravel\\vendor\\laravel\\framework\\src\\Illuminate\\Container\\BoundMethod.php(32): call_user_func_array()
#3 C:\\Users\\tmaas\\git\\Database-Systems\\DATABASE-PROJECT\\laravel-shell\\laravel\\vendor\\laravel\\framework\\src\\Illuminate\\Container\\Util.php(36): Illuminate\\Container\\BoundMethod::Illuminate\\Container\\{closure}()
#4 C:\\Users\\tmaas\\git\\Database-Systems\\DATABASE-PROJECT\\laravel-shell\\laravel\\vendor\\laravel\\framework\\src\\Illuminate\\Container\\BoundMethod.php(90): Illuminate\\Container\\Util::unwrapIfClosure()
#5 C:\\Users\\tmaas\\git\\Database-Systems\\DATABASE-PROJECT\\laravel-shell\\laravel\\vendor\\laravel\\framework\\src\\Illuminate\\Container\\BoundMethod.php(34): Illuminate\\Container\\BoundMethod::callBoundMethod()
#6 C:\\Users\\tmaas\\git\\Database-Systems\\DATABASE-PROJECT\\laravel-shell\\laravel\\vendor\\laravel\\framework\\src\\Illuminate\\Container\\Container.php(592): Illuminate\\Container\\BoundMethod::call()
#7 C:\\Users\\tmaas\\git\\Database-Systems\\DATABASE-PROJECT\\laravel-shell\\laravel\\vendor\\laravel\\framework\\src\\Illuminate\\Console\\Command.php(134): Illuminate\\Container\\Container->call()
#8 C:\\Users\\tmaas\\git\\Database-Systems\\DATABASE-PROJECT\\laravel-shell\\laravel\\vendor\\symfony\\console\\Command\\Command.php(255): Illuminate\\Console\\Command->execute()
#9 C:\\Users\\tmaas\\git\\Database-Systems\\DATABASE-PROJECT\\laravel-shell\\laravel\\vendor\\laravel\\framework\\src\\Illuminate\\Console\\Command.php(121): Symfony\\Component\\Console\\Command\\Command->run()
#10 C:\\Users\\tmaas\\git\\Database-Systems\\DATABASE-PROJECT\\laravel-shell\\laravel\\vendor\\laravel\\framework\\src\\Illuminate\\Console\\Concerns\\CallsCommands.php(56): Illuminate\\Console\\Command->run()
#11 C:\\Users\\tmaas\\git\\Database-Systems\\DATABASE-PROJECT\\laravel-shell\\laravel\\vendor\\laravel\\framework\\src\\Illuminate\\Console\\Concerns\\CallsCommands.php(28): Illuminate\\Console\\Command->runCommand()
#12 C:\\Users\\tmaas\\git\\Database-Systems\\DATABASE-PROJECT\\laravel-shell\\laravel\\vendor\\laravel\\framework\\src\\Illuminate\\Foundation\\Console\\OptimizeCommand.php(31): Illuminate\\Console\\Command->call()
#13 [internal function]: Illuminate\\Foundation\\Console\\OptimizeCommand->handle()
#14 C:\\Users\\tmaas\\git\\Database-Systems\\DATABASE-PROJECT\\laravel-shell\\laravel\\vendor\\laravel\\framework\\src\\Illuminate\\Container\\BoundMethod.php(32): call_user_func_array()
#15 C:\\Users\\tmaas\\git\\Database-Systems\\DATABASE-PROJECT\\laravel-shell\\laravel\\vendor\\laravel\\framework\\src\\Illuminate\\Container\\Util.php(36): Illuminate\\Container\\BoundMethod::Illuminate\\Container\\{closure}()
#16 C:\\Users\\tmaas\\git\\Database-Systems\\DATABASE-PROJECT\\laravel-shell\\laravel\\vendor\\laravel\\framework\\src\\Illuminate\\Container\\BoundMethod.php(90): Illuminate\\Container\\Util::unwrapIfClosure()
#17 C:\\Users\\tmaas\\git\\Database-Systems\\DATABASE-PROJECT\\laravel-shell\\laravel\\vendor\\laravel\\framework\\src\\Illuminate\\Container\\BoundMethod.php(34): Illuminate\\Container\\BoundMethod::callBoundMethod()
#18 C:\\Users\\tmaas\\git\\Database-Systems\\DATABASE-PROJECT\\laravel-shell\\laravel\\vendor\\laravel\\framework\\src\\Illuminate\\Container\\Container.php(592): Illuminate\\Container\\BoundMethod::call()
#19 C:\\Users\\tmaas\\git\\Database-Systems\\DATABASE-PROJECT\\laravel-shell\\laravel\\vendor\\laravel\\framework\\src\\Illuminate\\Console\\Command.php(134): Illuminate\\Container\\Container->call()
#20 C:\\Users\\tmaas\\git\\Database-Systems\\DATABASE-PROJECT\\laravel-shell\\laravel\\vendor\\symfony\\console\\Command\\Command.php(255): Illuminate\\Console\\Command->execute()
#21 C:\\Users\\tmaas\\git\\Database-Systems\\DATABASE-PROJECT\\laravel-shell\\laravel\\vendor\\laravel\\framework\\src\\Illuminate\\Console\\Command.php(121): Symfony\\Component\\Console\\Command\\Command->run()
#22 C:\\Users\\tmaas\\git\\Database-Systems\\DATABASE-PROJECT\\laravel-shell\\laravel\\vendor\\symfony\\console\\Application.php(912): Illuminate\\Console\\Command->run()
#23 C:\\Users\\tmaas\\git\\Database-Systems\\DATABASE-PROJECT\\laravel-shell\\laravel\\vendor\\symfony\\console\\Application.php(264): Symfony\\Component\\Console\\Application->doRunCommand()
#24 C:\\Users\\tmaas\\git\\Database-Systems\\DATABASE-PROJECT\\laravel-shell\\laravel\\vendor\\symfony\\console\\Application.php(140): Symfony\\Component\\Console\\Application->doRun()
#25 C:\\Users\\tmaas\\git\\Database-Systems\\DATABASE-PROJECT\\laravel-shell\\laravel\\vendor\\laravel\\framework\\src\\Illuminate\\Console\\Application.php(93): Symfony\\Component\\Console\\Application->run()
#26 C:\\Users\\tmaas\\git\\Database-Systems\\DATABASE-PROJECT\\laravel-shell\\laravel\\vendor\\laravel\\framework\\src\\Illuminate\\Foundation\\Console\\Kernel.php(130): Illuminate\\Console\\Application->run()
#27 C:\\Users\\tmaas\\git\\Database-Systems\\DATABASE-PROJECT\\laravel-shell\\laravel\\artisan(37): Illuminate\\Foundation\\Console\\Kernel->handle()
#28 {main}
"} 
